2026-05-25T05:09:39Z SELECT adventure gutenberg_id=60 author="Baroness Orczy" score=4
2026-05-25T05:09:39Z SELECT adventure gutenberg_id=76 author="Mark Twain" score=4
2026-05-25T05:09:39Z SELECT adventure gutenberg_id=78 author="Edgar Rice Burroughs" score=4
2026-05-25T05:09:39Z SELECT adventure gutenberg_id=95 author="Anthony Hope" score=4
2026-05-25T05:09:39Z SELECT adventure gutenberg_id=120 author="Robert Louis Stevenson" score=4
2026-05-25T05:09:39Z SELECT adventure gutenberg_id=215 author="Jack London" score=4
2026-05-25T05:09:39Z SELECT adventure gutenberg_id=1965 author="Rafael Sabatini" score=4
2026-05-25T05:09:39Z SELECT adventure gutenberg_id=2701 author="Herman Melville" score=4
2026-05-25T05:09:39Z SELECT adventure gutenberg_id=421 author="Robert Louis Stevenson" score=4
2026-05-25T05:09:39Z SELECT adventure gutenberg_id=910 author="Jack London" score=4
2026-05-25T05:09:39Z SELECT adventure gutenberg_id=558 author="Jack London" score=3
2026-05-25T05:09:39Z SELECT adventure gutenberg_id=559 author="Jack London" score=3
2026-05-25T05:09:39Z SELECT adventure gutenberg_id=560 author="Jack London" score=3
2026-05-25T05:09:39Z SELECT adventure gutenberg_id=561 author="Jack London" score=3
2026-05-25T05:09:39Z SELECT adventure gutenberg_id=562 author="Jack London" score=3
2026-05-25T05:09:39Z SELECT adventure gutenberg_id=563 author="Robert Louis Stevenson" score=3
2026-05-25T05:09:39Z SELECT adventure gutenberg_id=564 author="Robert Louis Stevenson" score=3
2026-05-25T05:09:39Z SELECT adventure gutenberg_id=565 author="Robert Louis Stevenson" score=3
2026-05-25T05:09:39Z SELECT adventure gutenberg_id=79 author="Edgar Rice Burroughs" score=2
2026-05-25T05:09:39Z SELECT adventure gutenberg_id=80 author="Edgar Rice Burroughs" score=2
2026-05-25T05:09:39Z SELECT adventure gutenberg_id=81 author="Edgar Rice Burroughs" score=2
2026-05-25T05:09:39Z SELECT adventure gutenberg_id=82 author="Edgar Rice Burroughs" score=2
2026-05-25T05:09:39Z SELECT adventure gutenberg_id=96 author="Anthony Hope" score=2
2026-05-25T05:09:39Z SELECT adventure gutenberg_id=121 author="Robert Louis Stevenson" score=2
2026-05-25T05:09:39Z SELECT adventure gutenberg_id=247 author="Daniel Defoe" score=2
2026-05-25T05:09:39Z SELECT adventure gutenberg_id=521 author="Daniel Defoe" score=2
2026-05-25T05:09:39Z SELECT adventure gutenberg_id=522 author="Daniel Defoe" score=2
2026-05-25T05:09:39Z SELECT adventure gutenberg_id=1259 author="Joseph Conrad" score=2
2026-05-25T05:09:39Z SELECT adventure gutenberg_id=1260 author="Joseph Conrad" score=2
2026-05-25T05:09:39Z SELECT adventure gutenberg_id=1261 author="Joseph Conrad" score=2
2026-05-25T05:09:42Z FETCH_OK gutenberg_id=60 word_count=85718 text_sha256=abea56ffcfcd788f33319b73c563fb0e7c4aa8a50e58fbdd340a1c376afe9175
2026-05-25T05:09:45Z FETCH_OK gutenberg_id=76 word_count=111085 text_sha256=a239042f5fc1fe278a5e239ae7d57d3145a0ba1b2faa3e7efddbdab907248c63
2026-05-25T05:09:48Z FETCH_OK gutenberg_id=78 word_count=85785 text_sha256=ad195aa44a5beff237803e50fb51bcb8b198d9328ade7e37776ba9a4aade4d82
2026-05-25T05:09:51Z FETCH_OK gutenberg_id=95 word_count=53716 text_sha256=2c1bbdc0911db58f8c5afd1d64e49c220069d07dd867d0fdb4a7b000e1b40a8a
2026-05-25T05:09:54Z FETCH_OK gutenberg_id=120 word_count=68637 text_sha256=31abe2340390e6bbf5affa42817574d45bc2de2a7d1409f9d188e6ceda91a88a
2026-05-25T05:09:56Z FETCH_OK gutenberg_id=215 word_count=31824 text_sha256=a0c47348c08930f35f9c11e2a751052ff691c998ea8b7a6aa5ce22ac838277c7
2026-05-25T05:09:59Z FETCH_OK gutenberg_id=1965 word_count=113155 text_sha256=a19ca8d79b921cb35e9739ba5bce2825fd89ab4fb544a82c3963c2c6e8f097a3
2026-05-25T05:10:03Z FETCH_OK gutenberg_id=2701 word_count=212796 text_sha256=8f2183c0a04f7d2f7dc4c7e6b437a2e6e8150b7e06578600a4a66aa8e621c64c
2026-05-25T05:10:05Z FETCH_OK gutenberg_id=421 word_count=81903 text_sha256=7c562144c727dc1b86173875e4f18afc12d8c2fe8eeaadf55ecb14cfbbe73dde
2026-05-25T05:10:08Z FETCH_OK gutenberg_id=910 word_count=72179 text_sha256=ebc2aaf67fbbea47b3c075d6dd7958d9f0a22949033074b466107e52ebbcb80d
2026-05-25T05:10:11Z FETCH_OK gutenberg_id=558 word_count=40977 text_sha256=6c9d100d2415ebe4dd959da46fc0c074e599576a58acca9c4d76a93aeb072e6f
2026-05-25T05:10:14Z FETCH_OK gutenberg_id=559 word_count=98709 text_sha256=330330bb2ed6da8696818e4407d88aa47ed8cb83e0c23f8426481191fac74384
2026-05-25T05:10:18Z FETCH_OK gutenberg_id=560 word_count=128241 text_sha256=ad70ec8a001d61b52d1459c51e35e6dfde9e6f7d132598e72b01f16f0f1778ed
2026-05-25T05:10:21Z FETCH_OK gutenberg_id=561 word_count=100191 text_sha256=50d3e4c0b33a7281d0ec4550038a45a134f4eadb5b3dd0fceaab167016fe7078
2026-05-25T05:10:23Z FETCH_OK gutenberg_id=562 word_count=48021 text_sha256=1bd46346ce09671b13b2423275e11f04f4e2305e09768e89d2546c8d1fbc660b
2026-05-25T05:10:26Z FETCH_OK gutenberg_id=563 word_count=22101 text_sha256=78ed62cade37b453285a31beca546e509e5c162c61e780fcd403b216239cfe05
2026-05-25T05:10:29Z FETCH_OK gutenberg_id=564 word_count=95753 text_sha256=3ea4312063b4bd7ecdf5aaf90f60acd1f64180b865264f3669271997e2e61f67
2026-05-25T05:10:32Z FETCH_OK gutenberg_id=565 word_count=98968 text_sha256=ce6970ee45979e5bc03160f4277d701fecffb89e460d50678ccdb7a96dab46ec
2026-05-25T05:10:35Z FETCH_OK gutenberg_id=79 word_count=216477 text_sha256=8a3a9dd3823c4c07c246b667912d7f7a183e10ba62dd5bfcdec7cdadf916444d
2026-05-25T05:10:38Z FETCH_OK gutenberg_id=80 word_count=89852 text_sha256=13a838378e52e1f00d6ff82349983c8262ba74d8c6e64e563c4cce372dae07d7
2026-05-25T05:10:41Z FETCH_OK gutenberg_id=81 word_count=89217 text_sha256=c79538a5280b2e4c29ff42be45c74a205309ab83143c40ddc4f42b54c9214883
2026-05-25T05:10:45Z FETCH_OK gutenberg_id=82 word_count=191641 text_sha256=f81f8506d68bb2f7131838df3936364c83669c89e6f871be083eedda89f15def
2026-05-25T05:10:48Z FETCH_OK gutenberg_id=96 word_count=57654 text_sha256=bf1bbf8b98d6e044ecd8bc358d331308ae47b83297527e083f4cdd61237138e9
2026-05-25T05:10:50Z FETCH_OK gutenberg_id=121 word_count=77223 text_sha256=c7ac26a768a1b91133eecac81d0f5168d362d6f95e7ddc1bb277b2128c4bb866
2026-05-25T05:10:54Z FETCH_OK gutenberg_id=247 word_count=248497 text_sha256=105176c52687c211592798d0d501e87f866490e4ef00530b57219a6555412f75
2026-05-25T05:10:57Z FETCH_OK gutenberg_id=521 word_count=120920 text_sha256=6b4f4b5a21792650831a8b9033a8f14de56d3fbf7cbee61e4f6454a52aafb808
2026-05-25T05:10:59Z FETCH_OK gutenberg_id=522 word_count=29910 text_sha256=0d83b8a7d6ecbc1f7cd84994abeea5bd7324625a120b50f4cf6689ffb022aa85
2026-05-25T05:11:03Z FETCH_OK gutenberg_id=1259 word_count=242057 text_sha256=0b2ad5a10c7d7e7e3f00321f574b723be7a2c0e94e90c977fbfef01b12c723fd
2026-05-25T05:11:06Z FETCH_OK gutenberg_id=1260 word_count=185390 text_sha256=9e4e09ca04832f5397f50394adda370ccda123997a7af1c0b60287d2a82395ef
2026-05-25T05:11:09Z FETCH_OK gutenberg_id=1261 word_count=101097 text_sha256=514c0fa3c27c6009bab40feae20203bd328fb7af69bc28f5c50261ddfadd1b17
2026-05-25T05:11:09Z GENRE_DONE adventure selected=30 fetch_failures=0 (0.0%)
2026-05-25T05:11:09Z SELECT gothic_horror gutenberg_id=84 author="Mary Shelley" score=4
2026-05-25T05:11:09Z SELECT gothic_horror gutenberg_id=174 author="Oscar Wilde" score=4
2026-05-25T05:11:09Z SELECT gothic_horror gutenberg_id=175 author="Gaston Leroux" score=4
2026-05-25T05:11:09Z SELECT gothic_horror gutenberg_id=345 author="Bram Stoker" score=4
2026-05-25T05:11:09Z SELECT gothic_horror gutenberg_id=389 author="Arthur Machen" score=4
2026-05-25T05:11:09Z SELECT gothic_horror gutenberg_id=601 author="Matthew Lewis" score=4
2026-05-25T05:11:09Z SELECT gothic_horror gutenberg_id=696 author="Horace Walpole" score=4
2026-05-25T05:11:09Z SELECT gothic_horror gutenberg_id=768 author="Emily Bronte" score=4
2026-05-25T05:11:09Z SELECT gothic_horror gutenberg_id=792 author="Charles Brockden Brown" score=4
2026-05-25T05:11:09Z SELECT gothic_horror gutenberg_id=2276 author="James Hogg" score=4
2026-05-25T05:11:09Z SELECT gothic_horror gutenberg_id=3268 author="Ann Radcliffe" score=4
2026-05-25T05:11:09Z SELECT gothic_horror gutenberg_id=8486 author="M. R. James" score=4
2026-05-25T05:11:09Z SELECT gothic_horror gutenberg_id=10007 author="J. Sheridan Le Fanu" score=4
2026-05-25T05:11:09Z SELECT gothic_horror gutenberg_id=10897 author="Algernon Blackwood" score=4
2026-05-25T05:11:09Z SELECT gothic_horror gutenberg_id=11323 author="William Godwin" score=4
2026-05-25T05:11:09Z SELECT gothic_horror gutenberg_id=14833 author="James Malcolm Rymer" score=4
2026-05-25T05:11:09Z SELECT gothic_horror gutenberg_id=50133 author="H. P. Lovecraft" score=4
2026-05-25T05:11:09Z SELECT gothic_horror gutenberg_id=68283 author="H. P. Lovecraft" score=4
2026-05-25T05:11:09Z SELECT gothic_horror gutenberg_id=70652 author="H. P. Lovecraft" score=4
2026-05-25T05:11:09Z SELECT gothic_horror gutenberg_id=73181 author="H. P. Lovecraft" score=4
2026-05-25T05:11:09Z SELECT gothic_horror gutenberg_id=375 author="George Sylvester Viereck" score=3
2026-05-25T05:11:09Z SELECT gothic_horror gutenberg_id=376 author="Arthur Machen" score=3
2026-05-25T05:11:09Z SELECT gothic_horror gutenberg_id=377 author="Arthur Machen" score=3
2026-05-25T05:11:09Z SELECT gothic_horror gutenberg_id=378 author="Arthur Machen" score=3
2026-05-25T05:11:09Z SELECT gothic_horror gutenberg_id=5145 author="Ann Radcliffe" score=3
2026-05-25T05:11:09Z SELECT gothic_horror gutenberg_id=5146 author="Ann Radcliffe" score=3
2026-05-25T05:11:09Z SELECT gothic_horror gutenberg_id=5147 author="Ann Radcliffe" score=3
2026-05-25T05:11:09Z SELECT gothic_horror gutenberg_id=5148 author="Charles Maturin" score=3
2026-05-25T05:11:09Z SELECT gothic_horror gutenberg_id=5149 author="William Beckford" score=3
2026-05-25T05:11:09Z SELECT gothic_horror gutenberg_id=5150 author="Mary Shelley" score=3
2026-05-25T05:11:12Z FETCH_OK gutenberg_id=84 word_count=75042 text_sha256=41a9801ac531d4abdf3d14d411b02f8bde2cb68a9c43f9277db0f53286dfafb9
2026-05-25T05:11:15Z FETCH_OK gutenberg_id=174 word_count=78979 text_sha256=3d5b53ab26958d39717032d968d9a4f5953a109a9d5011b48c4c909c1f17546a
2026-05-25T05:11:18Z FETCH_OK gutenberg_id=175 word_count=85563 text_sha256=19876e24160d1617c586cfca332ec0f874058324518e8d02695287006053bd47
2026-05-25T05:11:21Z FETCH_OK gutenberg_id=345 word_count=161321 text_sha256=d14ffcb64fcf4b0049ea8f0377cd76b96ae527629736944e3b10df8a7f427422
2026-05-25T05:11:24Z FETCH_OK gutenberg_id=389 word_count=21715 text_sha256=8b4b93366a038d44aa02d57fecfced71a55f2ac46d261780b6cb60dbf50dd08e
2026-05-25T05:11:27Z FETCH_OK gutenberg_id=601 word_count=137140 text_sha256=f84f056b9c8a697b5432469f313bed4e675eb24fd63d2232bb961e445961cf8f
2026-05-25T05:11:30Z FETCH_OK gutenberg_id=696 word_count=36595 text_sha256=b4501b88da30c1fc519dc33f009c273040577ff34056e8f9bb432c30ef822220
2026-05-25T05:11:33Z FETCH_OK gutenberg_id=768 word_count=115945 text_sha256=f4cf269bd8d84b7ccaf3b6c7600ef28f764718ff34903350c3fd974679d0c02b
2026-05-25T05:11:36Z FETCH_OK gutenberg_id=792 word_count=82682 text_sha256=b2d64c450fe3afd950f52bcd72f6981e978e0b8679b9f575e74d7db310320c98
2026-05-25T05:11:39Z FETCH_OK gutenberg_id=2276 word_count=83955 text_sha256=d4a2d5ba0e46cda223c9cd42512deeb644c5766c6d4239ff0537888157d99798
2026-05-25T05:11:43Z FETCH_OK gutenberg_id=3268 word_count=290378 text_sha256=a61f6042ffa2f1ee67eda5f2a2a2d1f87570363d53ea35c8021f41a3a3ff27dd
2026-05-25T05:11:45Z FETCH_OK gutenberg_id=8486 word_count=45404 text_sha256=2d6ff29c9fcc4d8a3b8308fbf0561afae1949d74f196e12fde3b68098428d1a9
2026-05-25T05:11:48Z FETCH_OK gutenberg_id=10007 word_count=28103 text_sha256=51f97707e23e1d484601eed13d5c3e0c32d9c1f3f44d460a92ef2d9e0a522253
2026-05-25T05:11:50Z FETCH_OK gutenberg_id=10897 word_count=18423 text_sha256=3899572d14ad39c8bf7dd1cac5b41628bc76f6a1e08739c8b201ac4729127838
2026-05-25T05:11:53Z FETCH_OK gutenberg_id=11323 word_count=145917 text_sha256=c97891beca870eb54535318c62fbb8b00c58a211204e835f61adcebfa6d74425
2026-05-25T05:11:57Z FETCH_OK gutenberg_id=14833 word_count=329143 text_sha256=8e68c592a799f4a01390cff06f173927cb4e78b0e519a8f5e22db2420268354f
2026-05-25T05:12:00Z FETCH_OK gutenberg_id=50133 word_count=17379 text_sha256=ac38c81bfa55caed6b6759d3fc233ab134c3c297a5531dbcc262bec5ed606842
2026-05-25T05:12:02Z FETCH_OK gutenberg_id=68283 word_count=11968 text_sha256=19175b508b7e02878a6b42d9398d95ce29b88c66d399cc18bae16a34c44a1ce9
2026-05-25T05:12:05Z FETCH_OK gutenberg_id=70652 word_count=39944 text_sha256=1375a56b5b969e179fdcc9a43e4a41c027ccafebf3b50496f2e3499711f3dbfb
2026-05-25T05:12:07Z FETCH_OK gutenberg_id=73181 word_count=16962 text_sha256=09f695cb3f45e3b6de47313d029a884a66d29720fee8fa65121a552a1e4129eb
2026-05-25T05:12:09Z FETCH_SHORT gutenberg_id=375 word_count=3745 (<5000)
2026-05-25T05:12:12Z FETCH_OK gutenberg_id=376 word_count=94894 text_sha256=ed5771b64bc3cc633a8827476ca51877c9a88c7aac99d645c1b4a9fd140f2aea
2026-05-25T05:12:14Z FETCH_OK gutenberg_id=377 word_count=6900 text_sha256=22869f113552bca33a11e98bf103b16222b68516dbe46ca52a03c15319982dfa
2026-05-25T05:12:18Z FETCH_OK gutenberg_id=378 word_count=161477 text_sha256=bedb6872662e6ec0241ad38eb084240bb606657f7c7cd649c8d58852a68a644c
2026-05-25T05:12:21Z FETCH_OK gutenberg_id=5145 word_count=90759 text_sha256=a75e446307ac0156624836a5d56517482c9c52aefb01235f25315de59feb8a39
2026-05-25T05:12:24Z FETCH_OK gutenberg_id=5146 word_count=32136 text_sha256=dd4639620bb75f2919745fc4f3c833a0e6f9cbadae2b7433c5656e061462adb1
2026-05-25T05:12:26Z FETCH_OK gutenberg_id=5147 word_count=32693 text_sha256=ad421d611b733b6214b2bf0ba07bdd62871ff32409658ce6fce5ca302708184f
2026-05-25T05:12:29Z FETCH_OK gutenberg_id=5148 word_count=91116 text_sha256=20581d435ba8c854389acd48c664753da0803b3be917e76e577f6875f6e04084
2026-05-25T05:12:32Z FETCH_OK gutenberg_id=5149 word_count=67533 text_sha256=0c6605189291c52a78943ef1315c15c0844e160b228f76dfda307e5e1e18a56a
2026-05-25T05:12:35Z FETCH_OK gutenberg_id=5150 word_count=79978 text_sha256=af94ebf9b1529911b32d1d6759e33d71a0299a0001b73944746de5df1dfe1d43
2026-05-25T05:12:38Z FETCH_OK gutenberg_id=5151 word_count=74518 text_sha256=544015f63afd0cd9e04471307d7d0a923592023aa6efd58f59fc8cf15d5216a8
2026-05-25T05:12:38Z GENRE_DONE gothic_horror selected=30 fetch_failures=1 (3.2%)
2026-05-25T05:12:38Z SELECT historical gutenberg_id=82 author="Walter Scott" score=4
2026-05-25T05:12:38Z SELECT historical gutenberg_id=98 author="Charles Dickens" score=4
2026-05-25T05:12:38Z SELECT historical gutenberg_id=135 author="Victor Hugo" score=4
2026-05-25T05:12:38Z SELECT historical gutenberg_id=1184 author="Alexandre Dumas" score=4
2026-05-25T05:12:38Z SELECT historical gutenberg_id=2145 author="Lew Wallace" score=4
2026-05-25T05:12:38Z SELECT historical gutenberg_id=2600 author="Leo Tolstoy" score=4
2026-05-25T05:12:38Z SELECT historical gutenberg_id=25344 author="Nathaniel Hawthorne" score=4
2026-05-25T05:12:38Z SELECT historical gutenberg_id=7151 author="Henryk Sienkiewicz" score=3
2026-05-25T05:12:38Z SELECT historical gutenberg_id=1257 author="Alexandre Dumas" score=4
2026-05-25T05:12:38Z SELECT historical gutenberg_id=1259 author="Alexandre Dumas" score=4
2026-05-25T05:12:38Z SELECT historical gutenberg_id=5998 author="Walter Scott" score=4
2026-05-25T05:12:38Z SELECT historical gutenberg_id=7142 author="Alexandre Dumas" score=3
2026-05-25T05:12:38Z SELECT historical gutenberg_id=7143 author="Alexandre Dumas" score=3
2026-05-25T05:12:38Z SELECT historical gutenberg_id=7144 author="Alexandre Dumas" score=3
2026-05-25T05:12:38Z SELECT historical gutenberg_id=7145 author="Walter Scott" score=3
2026-05-25T05:12:38Z SELECT historical gutenberg_id=7146 author="Walter Scott" score=3
2026-05-25T05:12:38Z SELECT historical gutenberg_id=7147 author="Walter Scott" score=3
2026-05-25T05:12:38Z SELECT historical gutenberg_id=7148 author="Walter Scott" score=3
2026-05-25T05:12:38Z SELECT historical gutenberg_id=7149 author="Walter Scott" score=3
2026-05-25T05:12:38Z SELECT historical gutenberg_id=7150 author="Charles Dickens" score=3
2026-05-25T05:12:38Z SELECT historical gutenberg_id=7152 author="Henryk Sienkiewicz" score=2
2026-05-25T05:12:38Z SELECT historical gutenberg_id=7153 author="Henryk Sienkiewicz" score=2
2026-05-25T05:12:38Z SELECT historical gutenberg_id=7154 author="Henryk Sienkiewicz" score=2
2026-05-25T05:12:38Z SELECT historical gutenberg_id=7155 author="Victor Hugo" score=2
2026-05-25T05:12:38Z SELECT historical gutenberg_id=7156 author="Victor Hugo" score=2
2026-05-25T05:12:38Z SELECT historical gutenberg_id=7157 author="Victor Hugo" score=2
2026-05-25T05:12:38Z SELECT historical gutenberg_id=7158 author="James Fenimore Cooper" score=2
2026-05-25T05:12:38Z SELECT historical gutenberg_id=7159 author="James Fenimore Cooper" score=2
2026-05-25T05:12:38Z SELECT historical gutenberg_id=7160 author="James Fenimore Cooper" score=2
2026-05-25T05:12:38Z SELECT historical gutenberg_id=7161 author="James Fenimore Cooper" score=2
2026-05-25T05:12:41Z FETCH_OK gutenberg_id=82 word_count=191641 text_sha256=f81f8506d68bb2f7131838df3936364c83669c89e6f871be083eedda89f15def
2026-05-25T05:12:45Z FETCH_OK gutenberg_id=98 word_count=135886 text_sha256=ceb53b4094844178de24ec8e4e32791c96bdad15a2aba8cc96b531f6ea08d88c
2026-05-25T05:12:50Z FETCH_OK gutenberg_id=135 word_count=565612 text_sha256=d1d1214ac9061623d5a19893e1d42231db89a4284f892c5ed076d36cea6a3533
2026-05-25T05:12:55Z FETCH_OK gutenberg_id=1184 word_count=460971 text_sha256=b0905974d50e5b82fc9c729b01fa3c6b2190d055d985b5b4ba38a6e84573a04d
2026-05-25T05:12:58Z FETCH_OK gutenberg_id=2145 word_count=197854 text_sha256=a09396fb86edb8226f8de91898a6de3b8f3305c5c8d2b0008b55da5eb9e603cc
2026-05-25T05:13:02Z FETCH_OK gutenberg_id=2600 word_count=563286 text_sha256=6817d44e41ceaf491aca0fa850df049f801ab835b7679af75093154792590033
2026-05-25T05:13:05Z FETCH_OK gutenberg_id=25344 word_count=83826 text_sha256=37ce5ef0e46b2848dce1f743d4f8770db5244653d39c42c9aeded985afed6c63
2026-05-25T05:13:08Z FETCH_OK gutenberg_id=7151 word_count=74597 text_sha256=e9953366be984a83956bc3c465c2e8e09b9467952687a324c558f685668b9413
2026-05-25T05:13:11Z FETCH_OK gutenberg_id=1257 word_count=229429 text_sha256=1d1be463f150ed68c85d87212328df60b2ee1936a62293529720115b2ef51fb6
2026-05-25T05:13:15Z FETCH_OK gutenberg_id=1259 word_count=242057 text_sha256=0b2ad5a10c7d7e7e3f00321f574b723be7a2c0e94e90c977fbfef01b12c723fd
2026-05-25T05:13:18Z FETCH_OK gutenberg_id=5998 word_count=210050 text_sha256=2e8ede774be2a564474d8ee4c3f2dc79238bbd969b7bc410494d6a7845fdfaec
2026-05-25T05:13:21Z FETCH_OK gutenberg_id=7142 word_count=204653 text_sha256=e3c73f03e9f1cb97d6a3892466cd16a5aa35d50a58b011a9c8c5d119f5f75390
2026-05-25T05:13:24Z FETCH_OK gutenberg_id=7143 word_count=37329 text_sha256=8e50c6fe95d3ee556452ace6dfd18821e93ec1ceb97a5ac127459cbb187735cf
2026-05-25T05:13:27Z FETCH_OK gutenberg_id=7144 word_count=83257 text_sha256=b80041bbe528eb161cdde478f8807d14aa3775856ecbfe2bcda0c0b54dc289d1
2026-05-25T05:13:30Z FETCH_OK gutenberg_id=7145 word_count=12680 text_sha256=27c0a04291f4372ddd9ac1ec83258223b4d4184ad33abb39933710fdb1983fea
2026-05-25T05:13:33Z FETCH_OK gutenberg_id=7146 word_count=109579 text_sha256=8a65b83a9d350f09cf1208d76123c8f40fa8d2b3ea22d216868b2a72d7c85c1e
2026-05-25T05:13:36Z FETCH_OK gutenberg_id=7147 word_count=119803 text_sha256=3913dee69f387b6e5144360325e7011a1a2ead538c9a4cc4444f9a2dd436a868
2026-05-25T05:13:40Z FETCH_OK gutenberg_id=7148 word_count=211252 text_sha256=7549a7e0b249324c3621bf14da10a4eee38e435cb2d9908bde3707b226c98015
2026-05-25T05:13:42Z FETCH_OK gutenberg_id=7149 word_count=57777 text_sha256=3cdbf1f705a9d1581e23d71b45d9f3b1c9dd73f49559987fa4fd9f4f0ce4fb62
2026-05-25T05:13:46Z FETCH_OK gutenberg_id=7150 word_count=108809 text_sha256=7ba913385068d64d68821ae3de9ca496b0b8731cb4f47220c4e346756a889abe
2026-05-25T05:13:49Z FETCH_OK gutenberg_id=7152 word_count=112681 text_sha256=bc4f8a98d1a32c90b306de95615c26aacff68e08bf63194f8ba938f5f501db15
2026-05-25T05:13:52Z FETCH_OK gutenberg_id=7153 word_count=61542 text_sha256=5031159862331015b3a3ce117e1342e9cbe66d0f3bffa05d8ee60d747a08b16f
2026-05-25T05:13:54Z FETCH_OK gutenberg_id=7154 word_count=5937 text_sha256=5b6bd43f7fda051804bb199028d29d76fbffaa22c0ce7d45ad74ed1c7ed31403
2026-05-25T05:13:56Z FETCH_OK gutenberg_id=7155 word_count=6147 text_sha256=a3fb823df14f3eb8616d1c39597a34857359a13c67f81c87f2622af5070bb16c
2026-05-25T05:13:59Z FETCH_OK gutenberg_id=7156 word_count=6258 text_sha256=541bcc1840aa02df96b9f153155f180c122f00b67ebd60ab6140a29cb8d9f721
2026-05-25T05:14:01Z FETCH_OK gutenberg_id=7157 word_count=9088 text_sha256=6c346015efc87cfb8ebff6f014a4a8f1b49c8c93ac5e50b5f436c1cb6eeec452
2026-05-25T05:14:03Z FETCH_OK gutenberg_id=7158 word_count=7989 text_sha256=2fd478c167a68b0e195642a6d01eb2f85491454f3c740e4d47713484b74ce5e6
2026-05-25T05:14:06Z FETCH_OK gutenberg_id=7159 word_count=8445 text_sha256=c0dd771e2ed7e08f23dbe6d13019f645a6dfada36bc59a427ab8c0ee6d99b3db
2026-05-25T05:14:08Z FETCH_OK gutenberg_id=7160 word_count=7724 text_sha256=3b302b7e58fabf075d605fb2218fd40704237da315d1906f74202f988a4656b9
2026-05-25T05:14:10Z FETCH_OK gutenberg_id=7161 word_count=8238 text_sha256=bb33dfe4f484f802ac2fd544ef20a17160f9c7f1805850afedc07c51fce56ccc
2026-05-25T05:14:10Z GENRE_DONE historical selected=30 fetch_failures=0 (0.0%)
2026-05-25T05:14:10Z SELECT literary gutenberg_id=144 author="Virginia Woolf" score=4
2026-05-25T05:14:10Z SELECT literary gutenberg_id=145 author="George Eliot" score=4
2026-05-25T05:14:10Z SELECT literary gutenberg_id=219 author="Joseph Conrad" score=4
2026-05-25T05:14:10Z SELECT literary gutenberg_id=284 author="Edith Wharton" score=4
2026-05-25T05:14:10Z SELECT literary gutenberg_id=543 author="Sinclair Lewis" score=4
2026-05-25T05:14:10Z SELECT literary gutenberg_id=64317 author="F. Scott Fitzgerald" score=4
2026-05-25T05:14:10Z SELECT literary gutenberg_id=67138 author="Ernest Hemingway" score=4
2026-05-25T05:14:10Z SELECT literary gutenberg_id=2814 author="James Joyce" score=3
2026-05-25T05:14:10Z SELECT literary gutenberg_id=541 author="Edith Wharton" score=4
2026-05-25T05:14:10Z SELECT literary gutenberg_id=71865 author="Virginia Woolf" score=4
2026-05-25T05:14:10Z SELECT literary gutenberg_id=75201 author="Ernest Hemingway" score=4
2026-05-25T05:14:10Z SELECT literary gutenberg_id=4217 author="James Joyce" score=3
2026-05-25T05:14:10Z SELECT literary gutenberg_id=5200 author="Franz Kafka" score=3
2026-05-25T05:14:10Z SELECT literary gutenberg_id=5817 author="Joseph Conrad" score=3
2026-05-25T05:14:10Z SELECT literary gutenberg_id=5818 author="Joseph Conrad" score=3
2026-05-25T05:14:10Z SELECT literary gutenberg_id=6593 author="D. H. Lawrence" score=3
2026-05-25T05:14:10Z SELECT literary gutenberg_id=6594 author="D. H. Lawrence" score=3
2026-05-25T05:14:10Z SELECT literary gutenberg_id=6595 author="D. H. Lawrence" score=3
2026-05-25T05:14:10Z SELECT literary gutenberg_id=9182 author="Sherwood Anderson" score=3
2026-05-25T05:14:10Z SELECT literary gutenberg_id=9183 author="Sherwood Anderson" score=3
2026-05-25T05:14:10Z SELECT literary gutenberg_id=209 author="Henry James" score=2
2026-05-25T05:14:10Z SELECT literary gutenberg_id=210 author="Henry James" score=2
2026-05-25T05:14:10Z SELECT literary gutenberg_id=211 author="Henry James" score=2
2026-05-25T05:14:10Z SELECT literary gutenberg_id=212 author="Henry James" score=2
2026-05-25T05:14:10Z SELECT literary gutenberg_id=213 author="Henry James" score=2
2026-05-25T05:14:10Z SELECT literary gutenberg_id=214 author="Henry James" score=2
2026-05-25T05:14:10Z SELECT literary gutenberg_id=542 author="Edith Wharton" score=2
2026-05-25T05:14:10Z SELECT literary gutenberg_id=544 author="Sinclair Lewis" score=2
2026-05-25T05:14:10Z SELECT literary gutenberg_id=545 author="Sinclair Lewis" score=2
2026-05-25T05:14:10Z SELECT literary gutenberg_id=546 author="Sinclair Lewis" score=2
2026-05-25T05:14:13Z FETCH_OK gutenberg_id=144 word_count=136348 text_sha256=ae458d5ee0b879fb353ef92173d26ffec8c4342b73358c9374bca69f685db385
2026-05-25T05:14:17Z FETCH_OK gutenberg_id=145 word_count=316381 text_sha256=194ac3f3a259f04450ce73e8ea12acee1071064542a556f52869168ddfd8e424
2026-05-25T05:14:20Z FETCH_OK gutenberg_id=219 word_count=37917 text_sha256=708483576e991eaa6eacfc72600c1e6d7607250c97101434d213bcd66eda0e13
2026-05-25T05:14:23Z FETCH_OK gutenberg_id=284 word_count=129318 text_sha256=2c633cc48421c6c7ddacfadda844e446be16c1ab9b25a37e17a86c20b19114f9
2026-05-25T05:14:26Z FETCH_OK gutenberg_id=543 word_count=166451 text_sha256=43739a4ba9ef4bd8871614ba6d43d31dd4cd5f39deb14523b8701518b6287380
2026-05-25T05:14:29Z FETCH_OK gutenberg_id=64317 word_count=48208 text_sha256=2af37f2363f51f2f0c33962e86e5e20eb4bed8cc01f77bf0f546c89b5ee5c919
2026-05-25T05:14:32Z FETCH_OK gutenberg_id=67138 word_count=67898 text_sha256=00021ed6b6467cc24b3340b6197f9d68a50505a2ce337f7e6ce39c4cb2a9e572
2026-05-25T05:14:34Z FETCH_OK gutenberg_id=2814 word_count=67559 text_sha256=158d30902644ec75fea81902406bf23eeaf8cab2dfad60be063b134c4582dcbb
2026-05-25T05:14:38Z FETCH_OK gutenberg_id=541 word_count=101383 text_sha256=de936172fa52d22ca4552d6688068c0133bf164e9853164eebe0335f4d721e24
2026-05-25T05:14:41Z FETCH_OK gutenberg_id=71865 word_count=63594 text_sha256=8eefd5acbcefc68e374d8ef888facf47ddd57948136f7a4c61d43e1cbfdf9230
2026-05-25T05:14:44Z FETCH_OK gutenberg_id=75201 word_count=88662 text_sha256=61f5f3b1672bc9573daf3023b2d7b22ca5f98c945a777ea2f50e8c083cf405d9
2026-05-25T05:14:47Z FETCH_OK gutenberg_id=4217 word_count=84828 text_sha256=692527243439bca3253732bb67e288cbffd754c29a1c3e850b6c3481958e9434
2026-05-25T05:14:50Z FETCH_OK gutenberg_id=5200 word_count=21943 text_sha256=16c5433dae935afe6847151ab4ba3a01854d2a7f57854f1f69578771e9a7de9e
2026-05-25T05:14:53Z FETCH_OK gutenberg_id=5817 word_count=72456 text_sha256=55bd86d479967db483def9444f27b9cc268632bd6c744bbd15d5708f2c9fedf5
2026-05-25T05:14:55Z FETCH_OK gutenberg_id=5818 word_count=23748 text_sha256=7f3814b473620262450732d7b59c26ddbc3a3558a0c2c0bd0bdb60cfa163fd1d
2026-05-25T05:14:59Z FETCH_OK gutenberg_id=6593 word_count=350588 text_sha256=7a80a2f8e6f26705061914e9d6ef36e9cce0d6b70b9b802c0294fe67115bf4fb
2026-05-25T05:15:02Z FETCH_OK gutenberg_id=6594 word_count=76838 text_sha256=4939d23775955155d4cdef4536aeada1e854dc20d56053f05d8b9808296ccba2
2026-05-25T05:15:05Z FETCH_OK gutenberg_id=6595 word_count=115199 text_sha256=26e7cba7006ade7ae423612ae747225bcd63768a42d83f9d8e9693c1c797daff
2026-05-25T05:15:08Z FETCH_OK gutenberg_id=9182 word_count=192551 text_sha256=9c3f209d5f0146125f7b4f1dcca256918051568db39ac3326a91ba4ac4742c9b
2026-05-25T05:15:11Z FETCH_OK gutenberg_id=9183 word_count=167789 text_sha256=df21170a64a70055a4b6b4d9f90f2aed29fee63010d9650c3207347c38647076
2026-05-25T05:15:14Z FETCH_OK gutenberg_id=209 word_count=42277 text_sha256=4ed4aa84ac1a47982ac803770437ecfe509af3226be181fdece6148f410ff745
2026-05-25T05:15:16Z FETCH_OK gutenberg_id=210 word_count=26919 text_sha256=27d08f2c3225928d5a3cde200e3c015a865a88849d6c8717b007d5467e18eea0
2026-05-25T05:15:19Z FETCH_OK gutenberg_id=211 word_count=38815 text_sha256=53813bc7bc8dd359175b1598e3dea50ee3c88f1f12bf34b9f2ec287f96a7c335
2026-05-25T05:15:22Z FETCH_OK gutenberg_id=212 word_count=41369 text_sha256=823d4b8727884901babb67c4be2660856d861ff1fdc94f1d8366d71d83b3027a
2026-05-25T05:15:25Z FETCH_OK gutenberg_id=213 word_count=24194 text_sha256=a8bcab959e1b364d0b71ee8a07f96fee96d675337c8a01fa8a2fdfee467ee89d
2026-05-25T05:15:27Z FETCH_OK gutenberg_id=214 word_count=28728 text_sha256=72d9b57619816d9f63564bb398e3d6aecbeb58541c7757633a584a364f22feb1
2026-05-25T05:15:30Z FETCH_OK gutenberg_id=542 word_count=96807 text_sha256=dab58da58b3ac8db580b58ae989e973f5ff2daa03556187c2e0e6338214b60c6
2026-05-25T05:15:33Z FETCH_OK gutenberg_id=544 word_count=79381 text_sha256=c483d392b2f8b4209ccdc084b2e40e3a02ae56e5f27a10f4e295601fc0e3c2f4
2026-05-25T05:15:36Z FETCH_OK gutenberg_id=545 word_count=49500 text_sha256=be62a8fdcfa40fb5134a82044d7f349fdfe40912254b5851cb57290ea4e52b50
2026-05-25T05:15:38Z FETCH_OK gutenberg_id=546 word_count=90487 text_sha256=636d32ac0dc7e25cee1f68af20e59c1df74abcb4a0eae36210e88a7112ef6442
2026-05-25T05:15:38Z GENRE_DONE literary selected=30 fetch_failures=0 (0.0%)
2026-05-25T05:15:38Z SELECT mystery gutenberg_id=155 author="Wilkie Collins" score=4
2026-05-25T05:15:38Z SELECT mystery gutenberg_id=204 author="G. K. Chesterton" score=4
2026-05-25T05:15:38Z SELECT mystery gutenberg_id=244 author="Arthur Conan Doyle" score=4
2026-05-25T05:15:38Z SELECT mystery gutenberg_id=863 author="Agatha Christie" score=4
2026-05-25T05:15:38Z SELECT mystery gutenberg_id=1685 author="Gaston Leroux" score=4
2026-05-25T05:15:38Z SELECT mystery gutenberg_id=58820 author="Dorothy L. Sayers" score=4
2026-05-25T05:15:38Z SELECT mystery gutenberg_id=1155 author="Anna Katharine Green" score=3
2026-05-25T05:15:38Z SELECT mystery gutenberg_id=583 author="Charles Dickens" score=2
2026-05-25T05:15:38Z SELECT mystery gutenberg_id=2852 author="Arthur Conan Doyle" score=4
2026-05-25T05:15:38Z SELECT mystery gutenberg_id=65238 author="Agatha Christie" score=4
2026-05-25T05:15:38Z SELECT mystery gutenberg_id=69087 author="Agatha Christie" score=4
2026-05-25T05:15:38Z SELECT mystery gutenberg_id=70008 author="Dorothy L. Sayers" score=4
2026-05-25T05:15:38Z SELECT mystery gutenberg_id=108 author="Arthur Conan Doyle" score=3
2026-05-25T05:15:38Z SELECT mystery gutenberg_id=221 author="Arthur Conan Doyle" score=3
2026-05-25T05:15:38Z SELECT mystery gutenberg_id=223 author="G. K. Chesterton" score=3
2026-05-25T05:15:38Z SELECT mystery gutenberg_id=480 author="Arthur Conan Doyle" score=3
2026-05-25T05:15:38Z SELECT mystery gutenberg_id=481 author="Arthur Conan Doyle" score=3
2026-05-25T05:15:38Z SELECT mystery gutenberg_id=834 author="Arthur Conan Doyle" score=3
2026-05-25T05:15:38Z SELECT mystery gutenberg_id=1851 author="G. K. Chesterton" score=3
2026-05-25T05:15:38Z SELECT mystery gutenberg_id=2155 author="Mary Roberts Rinehart" score=2
2026-05-25T05:15:38Z SELECT mystery gutenberg_id=2156 author="E. W. Hornung" score=2
2026-05-25T05:15:38Z SELECT mystery gutenberg_id=2157 author="E. W. Hornung" score=2
2026-05-25T05:15:38Z SELECT mystery gutenberg_id=2856 author="Edgar Wallace" score=2
2026-05-25T05:15:38Z SELECT mystery gutenberg_id=2857 author="Edgar Wallace" score=2
2026-05-25T05:15:38Z SELECT mystery gutenberg_id=3300 author="Eugene Sue" score=2
2026-05-25T05:15:38Z SELECT mystery gutenberg_id=3301 author="Erskine Childers" score=2
2026-05-25T05:15:38Z SELECT mystery gutenberg_id=3302 author="E. C. Bentley" score=2
2026-05-25T05:15:38Z SELECT mystery gutenberg_id=3303 author="Baroness Orczy" score=2
2026-05-25T05:15:38Z SELECT mystery gutenberg_id=3304 author="Fergus Hume" score=2
2026-05-25T05:15:38Z SELECT mystery gutenberg_id=3305 author="Anna Katharine Green" score=2
2026-05-25T05:15:42Z FETCH_OK gutenberg_id=155 word_count=194909 text_sha256=1d8d44c07acb4f1fcaa8ba5018e50c99741ebfda0cb65970b80f7ec3b4050039
2026-05-25T05:15:45Z FETCH_OK gutenberg_id=204 word_count=78917 text_sha256=56472bfe96f22cf83abf2bd29462218d613e0077f1c18a110b92564491c7476a
2026-05-25T05:15:47Z FETCH_OK gutenberg_id=244 word_count=43427 text_sha256=293bb1bb0f943c04d0d5c29b3347ce78d8be9f8f4521014c6b1edba9dd54bc8e
2026-05-25T05:15:50Z FETCH_OK gutenberg_id=863 word_count=56535 text_sha256=4161c76144675114875f0347ade7251c9cacbc633cd83734fed186013440d41c
2026-05-25T05:15:53Z FETCH_OK gutenberg_id=1685 word_count=74094 text_sha256=c1d47bdf7e24adf91001bc4367bf72f53386b13c3c03a56d2d1ac834a1da125b
2026-05-25T05:15:56Z FETCH_OK gutenberg_id=58820 word_count=58889 text_sha256=a578358f4fa0fc516fb0479cb37fe97af4c8feff5fe7fa513fef2cb11e1a4168
2026-05-25T05:15:59Z FETCH_OK gutenberg_id=1155 word_count=75307 text_sha256=ca935b510488219b37129d7c79b2e09a3d9e2037bb4ad22223d84eeb01be584d
2026-05-25T05:16:03Z FETCH_OK gutenberg_id=583 word_count=244765 text_sha256=f4781ba7955d9ee3a89e62144ea8c41c6517d2cf7b15ef3adec671fa57e4ecec
2026-05-25T05:16:06Z FETCH_OK gutenberg_id=2852 word_count=59258 text_sha256=0eff31514f7e86e080ae544f3250350c051a4b2f63af5fad1410dfb0ec746c54
2026-05-25T05:16:08Z FETCH_OK gutenberg_id=65238 word_count=74617 text_sha256=64c28a854ba9bb55b81e7dcbbf2438287d37e3df9933c24e0a2972e87a096ad6
2026-05-25T05:16:11Z FETCH_OK gutenberg_id=69087 word_count=70727 text_sha256=4702ea4bf4a7efed7ccdc009de0e54d33a784235dec394f093c5c4fd47e119da
2026-05-25T05:16:14Z FETCH_OK gutenberg_id=70008 word_count=82946 text_sha256=70f1fd1ad414cf440a0bfcc471547292f10f1f0d7edd312a2bcf0799359b70f5
2026-05-25T05:16:18Z FETCH_OK gutenberg_id=108 word_count=112116 text_sha256=ba7755b4ba9376f389fc5a9110d5163f9ba3e3069e9d88f52b84ee8a5373b483
2026-05-25T05:16:20Z FETCH_OK gutenberg_id=221 word_count=112420 text_sha256=b87913750b137bdeb18d1cb815b24ca9c7eb4596f53b949be6c6af976bb0721c
2026-05-25T05:16:23Z FETCH_OK gutenberg_id=223 word_count=71652 text_sha256=e792bab824295036204280dbed663c8c5d1f92a4de2a683c29eddf0c3e80e180
2026-05-25T05:16:26Z FETCH_OK gutenberg_id=480 word_count=101523 text_sha256=78f7580c5e2d7eba616f4a02ddb92676bf60be4a7d011b39df392e2826612ab6
2026-05-25T05:16:29Z FETCH_OK gutenberg_id=481 word_count=53815 text_sha256=836818a4a7811d2fa232486c3620e4b1ffb596854a1314e81aaecbd1ccb2f20f
2026-05-25T05:16:32Z FETCH_OK gutenberg_id=834 word_count=95486 text_sha256=45d7af0f0a363548e886771507b95e7deaa5ced8e2d7e5eea9add81656eb5c17
2026-05-25T05:16:35Z FETCH_OK gutenberg_id=1851 word_count=66773 text_sha256=4ea93fab73b7380f2477602fbe9c9821b0ca42df39f89e6252b35ab95cbf388d
2026-05-25T05:16:38Z FETCH_OK gutenberg_id=2155 word_count=86957 text_sha256=0205a7980d48f4f90627c0e0dc1e5f2a5e5021123fab79be5dcaec4ed1851f91
2026-05-25T05:16:41Z FETCH_OK gutenberg_id=2156 word_count=32319 text_sha256=7547d26974333efd64f4cf1bf2ce80599af8c4e03c35cda5c92b67616ae99d02
2026-05-25T05:16:43Z FETCH_OK gutenberg_id=2157 word_count=15194 text_sha256=adfe675d73aef648c35e823fb087066326dbc81b6a40ef6704e65cc5e187ddc2
2026-05-25T05:16:46Z FETCH_OK gutenberg_id=2856 word_count=88145 text_sha256=85d38442d510e8c30515daa4eb577c7a785a9060ea78d2172798f55305acec86
2026-05-25T05:16:49Z FETCH_OK gutenberg_id=2857 word_count=92437 text_sha256=b6f0d809c640b70150fb54b05664a5f76ffeae6ae269f77bfed692de5384b921
2026-05-25T05:16:53Z FETCH_OK gutenberg_id=3300 word_count=381076 text_sha256=46d2162bbab928395856f97891eb336c26c9ffe1c578be48304733b797b24f6d
2026-05-25T05:16:56Z FETCH_OK gutenberg_id=3301 word_count=17120 text_sha256=21c929b8f322f999f0e37b3e8f558373ecc7208926e5292daef68b8080fe9ce2
2026-05-25T05:16:58Z FETCH_SHORT gutenberg_id=3302 word_count=3851 (<5000)
2026-05-25T05:17:00Z FETCH_OK gutenberg_id=3303 word_count=17618 text_sha256=f47d68839b20efce2b675f5e63e9fe79c155702c8f3256b4e3d3ee18122e1db9
2026-05-25T05:17:03Z FETCH_OK gutenberg_id=3304 word_count=17093 text_sha256=a7f5f3fca0de90c49268daca920b04dce93fa098f029259b869b4ff10e6fa2dd
2026-05-25T05:17:05Z FETCH_OK gutenberg_id=3305 word_count=6796 text_sha256=edd7f2320a0d2701f6783e54b8c1e919bf64bcb1499c5a254d15af9fd9296e00
2026-05-25T05:17:08Z FETCH_OK gutenberg_id=3306 word_count=27498 text_sha256=2888cb1620f8a0e02aef988a192aaf3eebcbfbcd98fdcb84e9ea5b12ce5c5d02
2026-05-25T05:17:08Z GENRE_DONE mystery selected=30 fetch_failures=1 (3.2%)
2026-05-25T05:17:08Z SELECT romance gutenberg_id=105 author="Jane Austen" score=4
2026-05-25T05:17:08Z SELECT romance gutenberg_id=1260 author="Charlotte Bronte" score=4
2026-05-25T05:17:08Z SELECT romance gutenberg_id=2095 author="Anne Bronte" score=4
2026-05-25T05:17:08Z SELECT romance gutenberg_id=4274 author="Elizabeth Gaskell" score=4
2026-05-25T05:17:08Z SELECT romance gutenberg_id=110 author="Thomas Hardy" score=3
2026-05-25T05:17:08Z SELECT romance gutenberg_id=766 author="Charles Dickens" score=3
2026-05-25T05:17:08Z SELECT romance gutenberg_id=1399 author="Leo Tolstoy" score=3
2026-05-25T05:17:08Z SELECT romance gutenberg_id=4517 author="George Eliot" score=3
2026-05-25T05:17:08Z SELECT romance gutenberg_id=121 author="Jane Austen" score=4
2026-05-25T05:17:08Z SELECT romance gutenberg_id=141 author="Jane Austen" score=4
2026-05-25T05:17:08Z SELECT romance gutenberg_id=158 author="Jane Austen" score=4
2026-05-25T05:17:08Z SELECT romance gutenberg_id=161 author="Jane Austen" score=4
2026-05-25T05:17:08Z SELECT romance gutenberg_id=1342 author="Jane Austen" score=4
2026-05-25T05:17:08Z SELECT romance gutenberg_id=4276 author="Elizabeth Gaskell" score=4
2026-05-25T05:17:08Z SELECT romance gutenberg_id=153 author="Elizabeth Gaskell" score=3
2026-05-25T05:17:08Z SELECT romance gutenberg_id=969 author="Thomas Hardy" score=3
2026-05-25T05:17:08Z SELECT romance gutenberg_id=1023 author="Charles Dickens" score=3
2026-05-25T05:17:08Z SELECT romance gutenberg_id=1400 author="Charles Dickens" score=3
2026-05-25T05:17:08Z SELECT romance gutenberg_id=4860 author="George Eliot" score=3
2026-05-25T05:17:08Z SELECT romance gutenberg_id=6688 author="George Eliot" score=3
2026-05-25T05:17:08Z SELECT romance gutenberg_id=432 author="Thomas Hardy" score=2
2026-05-25T05:17:08Z SELECT romance gutenberg_id=521 author="George Eliot" score=2
2026-05-25T05:17:08Z SELECT romance gutenberg_id=524 author="Samuel Richardson" score=2
2026-05-25T05:17:08Z SELECT romance gutenberg_id=738 author="Anthony Trollope" score=2
2026-05-25T05:17:08Z SELECT romance gutenberg_id=768 author="Emily Bronte" score=2
2026-05-25T05:17:08Z SELECT romance gutenberg_id=826 author="Anthony Trollope" score=2
2026-05-25T05:17:08Z SELECT romance gutenberg_id=882 author="Anthony Trollope" score=2
2026-05-25T05:17:08Z SELECT romance gutenberg_id=946 author="Mary Elizabeth Braddon" score=2
2026-05-25T05:17:08Z SELECT romance gutenberg_id=1245 author="Charlotte Bronte" score=2
2026-05-25T05:17:08Z SELECT romance gutenberg_id=1252 author="Charlotte Bronte" score=2
2026-05-25T05:17:11Z FETCH_OK gutenberg_id=105 word_count=83335 text_sha256=2b977ec8f0d4c275cf6bbb471f32c115070f2240c6eecc3b4b1246f2e68fc108
2026-05-25T05:17:14Z FETCH_OK gutenberg_id=1260 word_count=185390 text_sha256=9e4e09ca04832f5397f50394adda370ccda123997a7af1c0b60287d2a82395ef
2026-05-25T05:17:17Z FETCH_OK gutenberg_id=2095 word_count=41641 text_sha256=7855789dc876e6f8f295c719626cc032939d409c352a5a09948001875b5014ee
2026-05-25T05:17:20Z FETCH_OK gutenberg_id=4274 word_count=270271 text_sha256=637195dd451168bc5c40066c6955eda06d09464ce88db64c49f3980ad87ef069
2026-05-25T05:17:23Z FETCH_OK gutenberg_id=110 word_count=150042 text_sha256=046faae55cedbdf3664bdbc2024dfc0e8e58849d179fc740a05cc0f4b7452d13
2026-05-25T05:17:27Z FETCH_OK gutenberg_id=766 word_count=354826 text_sha256=79e5c525e45db0f8ac63f255177a9fd335d13dd47d69de0a83779b8b17d3a0c0
2026-05-25T05:17:30Z FETCH_OK gutenberg_id=1399 word_count=349763 text_sha256=ed3bf9748a5cc09a133bb06223cbf4ebc602b19bc808d11ad737790b43a74ebf
2026-05-25T05:17:33Z FETCH_OK gutenberg_id=4517 word_count=34717 text_sha256=885d4be1116b01721a6ffcf76243cffdc50e3fa330d752cd5d39be7621f5f1d6
2026-05-25T05:17:36Z FETCH_OK gutenberg_id=121 word_count=77223 text_sha256=c7ac26a768a1b91133eecac81d0f5168d362d6f95e7ddc1bb277b2128c4bb866
2026-05-25T05:17:39Z FETCH_OK gutenberg_id=141 word_count=159713 text_sha256=9d34dde8b1981dda1a217b55c2c80ed669b033cf4bf9cbec82d130e792e8259f
2026-05-25T05:17:42Z FETCH_OK gutenberg_id=158 word_count=157558 text_sha256=99403abd2014f9589cd8ec155b4569e9a2950ff3ee4435b02f0881b274f4813c
2026-05-25T05:17:45Z FETCH_OK gutenberg_id=161 word_count=118860 text_sha256=8753e28bd6002436e1e85ce68f6eaf6be8c313891c6314b5aa215ac254f300f9
2026-05-25T05:17:49Z FETCH_OK gutenberg_id=1342 word_count=127359 text_sha256=3fd84c0819323d3b7e8713c7e6e26f4f3ee2e545dcfbdb4416426a623e295396
2026-05-25T05:17:52Z FETCH_OK gutenberg_id=4276 word_count=180830 text_sha256=f4a4819e98fc840f7bc7d37655f2884e60c8161e05d35c460382f42095a1fbdf
2026-05-25T05:17:55Z FETCH_OK gutenberg_id=153 word_count=144508 text_sha256=10618d0688ca4435149bf9c454192ce314a553aa9570659e80cd7d41aa0e060a
2026-05-25T05:17:58Z FETCH_OK gutenberg_id=969 word_count=168710 text_sha256=7ab4d57c0fb138a752ceff302108648f6dcdb9dd411d885c323b0000e3f5fc62
2026-05-25T05:18:02Z FETCH_OK gutenberg_id=1023 word_count=353463 text_sha256=0e15ee0807b4ce139b4eab9aaab2a792d2f2e8d905ce673c128558c95504e5e9
2026-05-25T05:18:05Z FETCH_OK gutenberg_id=1400 word_count=184478 text_sha256=cd4f55c4aebb64b8407c67e7e4200432cda28e0ab2f720d105f973c6467ac355
2026-05-25T05:18:09Z FETCH_OK gutenberg_id=4860 word_count=172561 text_sha256=6afdeb59fd54c8cfa25968382405f17d6026517c2e5019723a6628f389775a13
2026-05-25T05:18:12Z FETCH_OK gutenberg_id=6688 word_count=206494 text_sha256=556df1d1e7b8c8f7ae6ef9a1c6bcf5eb5141f49b7d2df3ce54ec58a9b52a07c3
2026-05-25T05:18:16Z FETCH_OK gutenberg_id=432 word_count=162054 text_sha256=3b83347b9bf7f1a8afa0b6bc65bd2e1cea0379c5c97d2e3d1ec83fd20bd7fc0b
2026-05-25T05:18:19Z FETCH_OK gutenberg_id=521 word_count=120920 text_sha256=6b4f4b5a21792650831a8b9033a8f14de56d3fbf7cbee61e4f6454a52aafb808
2026-05-25T05:18:22Z FETCH_OK gutenberg_id=524 word_count=96134 text_sha256=ade0cf80e5085fb2612d36da6609c1e9183a45cc7a4f713a337d39c83b971d2a
2026-05-25T05:18:24Z FETCH_OK gutenberg_id=738 word_count=14879 text_sha256=8b66bd542fea207e7d212fdb3d37fe95c6be727924dbfa5487576912655715f2
2026-05-25T05:18:28Z FETCH_OK gutenberg_id=768 word_count=115945 text_sha256=f4cf269bd8d84b7ccaf3b6c7600ef28f764718ff34903350c3fd974679d0c02b
2026-05-25T05:18:30Z FETCH_OK gutenberg_id=826 word_count=7382 text_sha256=bd56c2a99cc980a8401862360dd7c3534a9d468029d1c53841022d0de3824bb2
2026-05-25T05:18:34Z FETCH_OK gutenberg_id=882 word_count=248239 text_sha256=6da30982386b064f724da9b23af8a134fd094e4e8308f73000875599d987e46b
2026-05-25T05:18:36Z FETCH_OK gutenberg_id=946 word_count=23092 text_sha256=305b1ebb31ce0d0e6ac9fdbba9c0ceebd374d80fa1b35354645036455c690d0a
2026-05-25T05:18:40Z FETCH_OK gutenberg_id=1245 word_count=166274 text_sha256=cf23f90a9c1e57c6f27f8ca9b71ebba72e9e3d4d66c40123dedfc09686518f80
2026-05-25T05:18:43Z FETCH_OK gutenberg_id=1252 word_count=193300 text_sha256=80c8836d72ad180a4ce2f1996ee02b572a103583e6678bed1fad25863a25f518
2026-05-25T05:18:43Z GENRE_DONE romance selected=30 fetch_failures=0 (0.0%)
2026-05-25T05:18:43Z SELECT speculative gutenberg_id=35 author="H. G. Wells" score=4
2026-05-25T05:18:43Z SELECT speculative gutenberg_id=62 author="Edgar Rice Burroughs" score=4
2026-05-25T05:18:43Z SELECT speculative gutenberg_id=83 author="Jules Verne" score=4
2026-05-25T05:18:43Z SELECT speculative gutenberg_id=139 author="Arthur Conan Doyle" score=4
2026-05-25T05:18:43Z SELECT speculative gutenberg_id=169 author="William Morris" score=4
2026-05-25T05:18:43Z SELECT speculative gutenberg_id=711 author="H. Rider Haggard" score=4
2026-05-25T05:18:43Z SELECT speculative gutenberg_id=7477 author="Lord Dunsany" score=4
2026-05-25T05:18:43Z SELECT speculative gutenberg_id=10148 author="Howard Pyle" score=4
2026-05-25T05:18:43Z SELECT speculative gutenberg_id=36 author="H. G. Wells" score=4
2026-05-25T05:18:43Z SELECT speculative gutenberg_id=103 author="Jules Verne" score=4
2026-05-25T05:18:43Z SELECT speculative gutenberg_id=159 author="H. G. Wells" score=4
2026-05-25T05:18:43Z SELECT speculative gutenberg_id=164 author="Jules Verne" score=4
2026-05-25T05:18:43Z SELECT speculative gutenberg_id=1268 author="Jules Verne" score=4
2026-05-25T05:18:43Z SELECT speculative gutenberg_id=2166 author="H. Rider Haggard" score=4
2026-05-25T05:18:43Z SELECT speculative gutenberg_id=2565 author="William Morris" score=4
2026-05-25T05:18:43Z SELECT speculative gutenberg_id=2885 author="William Morris" score=4
2026-05-25T05:18:43Z SELECT speculative gutenberg_id=3055 author="William Morris" score=4
2026-05-25T05:18:43Z SELECT speculative gutenberg_id=3155 author="H. Rider Haggard" score=4
2026-05-25T05:18:43Z SELECT speculative gutenberg_id=8395 author="Lord Dunsany" score=4
2026-05-25T05:18:43Z SELECT speculative gutenberg_id=18857 author="Jules Verne" score=4
2026-05-25T05:18:43Z SELECT speculative gutenberg_id=11 author="H. G. Wells" score=3
2026-05-25T05:18:43Z SELECT speculative gutenberg_id=27 author="H. G. Wells" score=3
2026-05-25T05:18:43Z SELECT speculative gutenberg_id=325 author="George MacDonald" score=3
2026-05-25T05:18:43Z SELECT speculative gutenberg_id=706 author="George MacDonald" score=3
2026-05-25T05:18:43Z SELECT speculative gutenberg_id=718 author="H. G. Wells" score=3
2026-05-25T05:18:43Z SELECT speculative gutenberg_id=1130 author="George MacDonald" score=3
2026-05-25T05:18:43Z SELECT speculative gutenberg_id=1131 author="George MacDonald" score=3
2026-05-25T05:18:43Z SELECT speculative gutenberg_id=1652 author="Jules Verne" score=3
2026-05-25T05:18:43Z SELECT speculative gutenberg_id=1842 author="Jules Verne" score=3
2026-05-25T05:18:43Z SELECT speculative gutenberg_id=2083 author="Jules Verne" score=3
2026-05-25T05:18:46Z FETCH_OK gutenberg_id=35 word_count=32453 text_sha256=3f1dbd0231aa2591bd59acfe3a67fbf430b762d4e8e3c5bb68c9a862acebaa21
2026-05-25T05:18:48Z FETCH_OK gutenberg_id=62 word_count=67436 text_sha256=9b7e406a2644a22532c1c0ffe12ee55b432ba8d48aba2ea72fb8000dbdfa2d93
2026-05-25T05:18:52Z FETCH_OK gutenberg_id=83 word_count=91500 text_sha256=f976519a9b5b2e10f868f4d54659ecd4e33b993bba000fd477fe5e7c9f73514e
2026-05-25T05:18:54Z FETCH_OK gutenberg_id=139 word_count=75759 text_sha256=e95a81aaa2512e683db921a9be0890c43f6cff5a28b386097173ea44470f9dd1
2026-05-25T05:18:58Z FETCH_OK gutenberg_id=169 word_count=225427 text_sha256=e0e92c429ab65b9293574691214964ff58b00d7ef81726bc6282dae2d3862998
2026-05-25T05:19:01Z FETCH_OK gutenberg_id=711 word_count=106268 text_sha256=3dc46fc46f506e2497251aa5383ef50bb40db8b132a2bada57d1262d9aea8189
2026-05-25T05:19:03Z FETCH_OK gutenberg_id=7477 word_count=22854 text_sha256=0e930039396e2567f83d1f024edb65bd8f66d096c93a7b608f1c08895c944370
2026-05-25T05:19:07Z FETCH_OK gutenberg_id=10148 word_count=111122 text_sha256=b1b5e33e07c09ab59fce6bdb418599aa0ac357a507800fb2e29c8d7ed9a36ef0
2026-05-25T05:19:10Z FETCH_OK gutenberg_id=36 word_count=60075 text_sha256=1995e9ffcead3b1f9d4b9ac9217dace6151e8384af4af9d79c120704516c80eb
2026-05-25T05:19:13Z FETCH_OK gutenberg_id=103 word_count=63334 text_sha256=42d5b7691e16c5e7eea1c76c16a0fba93e8bd107ee90025a2cda2c3369da3554
2026-05-25T05:19:15Z FETCH_OK gutenberg_id=159 word_count=43545 text_sha256=4d77bb1d01aa5b481f66dbc7136b9f71388382574950f13f84cf2ff651178167
2026-05-25T05:19:18Z FETCH_OK gutenberg_id=164 word_count=104672 text_sha256=ba7dd5e8e856a6048c683f49797a20b9bdd669a0f7d6b8595e1775d7cd431d44
2026-05-25T05:19:22Z FETCH_OK gutenberg_id=1268 word_count=193335 text_sha256=4d04961060f16b099c4dff8a00d3379c52f24dc7ee0ba318f1f5bc3e18606726
2026-05-25T05:19:25Z FETCH_OK gutenberg_id=2166 word_count=82213 text_sha256=82741b1dd0e13a9ac6d75cdca492cc2d1d45560c0ade314701ae81689e3f1e53
2026-05-25T05:19:28Z FETCH_OK gutenberg_id=2565 word_count=46983 text_sha256=06bee1c1e7c5445cbf3f29d33647cc82b9a9d66b27e0b6355d1ff075275b7c62
2026-05-25T05:19:31Z FETCH_OK gutenberg_id=2885 word_count=84971 text_sha256=e4fbcc24f44eca6b80c7567e0ea474c3b7ee3cd4822dd71e56f65e045e44b779
2026-05-25T05:19:34Z FETCH_OK gutenberg_id=3055 word_count=49976 text_sha256=9fb69df5012be0e83081daa2768f77f7719610d6880f127701af022c04f2f059
2026-05-25T05:19:37Z FETCH_OK gutenberg_id=3155 word_count=112272 text_sha256=01d488b33b063f7e5fc6fb0969cde09beeaa81eea9e5fd75cf4f19ddd2b86a99
2026-05-25T05:19:39Z FETCH_OK gutenberg_id=8395 word_count=15724 text_sha256=4fa107fdb54e7c1d78f0df6bf622375bd788ad84922c4a6c7633d91363d8a876
2026-05-25T05:19:42Z FETCH_OK gutenberg_id=18857 word_count=85815 text_sha256=61e1a1f181a0f36493c43bdf8971d5c77962036e46a99bd4ef13f1bd61651697
2026-05-25T05:19:45Z FETCH_OK gutenberg_id=11 word_count=26525 text_sha256=40de6832df8fa5d31171de991503f066d9aa7184843730cc726577419b41127f
2026-05-25T05:19:48Z FETCH_OK gutenberg_id=27 word_count=137190 text_sha256=3a873fb12f8638235d6e71ae248288d097b70c7a2b8b64544fc85313d7a753a7
2026-05-25T05:19:51Z FETCH_OK gutenberg_id=325 word_count=69122 text_sha256=e3602477f3780ec4aff1b8ec4a40a3713911e46e18c982d044c471894712d46e
2026-05-25T05:19:54Z FETCH_OK gutenberg_id=706 word_count=51976 text_sha256=73012f6a69822d4c65b20b18a2661285357eb5a06c822ca010c2e0863d3538c2
2026-05-25T05:19:57Z FETCH_OK gutenberg_id=718 word_count=133677 text_sha256=a4ab21948655e12e73aacbd76a1c82d38b7acb15c9e298495d093ae09e8b40f2
2026-05-25T05:20:00Z FETCH_OK gutenberg_id=1130 word_count=26384 text_sha256=1bd83f2f937ecb42102dd80360103bde9672fdd93b8e5a89800477d71b6109e4
2026-05-25T05:20:02Z FETCH_OK gutenberg_id=1131 word_count=29287 text_sha256=27e74811312849ca9cea3104d94ed264b97a553fb35b7f24e53146f997142aad
2026-05-25T05:20:05Z FETCH_OK gutenberg_id=1652 word_count=52738 text_sha256=1ab9505409d4d9a327e950637b2b3beee77ac2478c490986bf0001988ae3d1b9
2026-05-25T05:20:08Z FETCH_OK gutenberg_id=1842 word_count=93611 text_sha256=233146c3fce71295e1f840c28cf14125b9cc75c8e48977ef2095758e035ea4fe
2026-05-25T05:20:11Z FETCH_OK gutenberg_id=2083 word_count=155812 text_sha256=89caf469a263e068698a8b0b3d20a5e85bb05a1464ac179691156b7d84351951
2026-05-25T05:20:11Z GENRE_DONE speculative selected=30 fetch_failures=0 (0.0%)
2026-05-25T05:20:11Z SELECT western gutenberg_id=1012 author="Owen Wister" score=4
2026-05-25T05:20:11Z SELECT western gutenberg_id=1389 author="Andy Adams" score=4
2026-05-25T05:20:11Z SELECT western gutenberg_id=1528 author="Zane Grey" score=4
2026-05-25T05:20:11Z SELECT western gutenberg_id=19572 author="Dane Coolidge" score=4
2026-05-25T05:20:11Z SELECT western gutenberg_id=8083 author="Clarence E. Mulford" score=3
2026-05-25T05:20:11Z SELECT western gutenberg_id=10717 author="Frank H. Spearman" score=3
2026-05-25T05:20:11Z SELECT western gutenberg_id=14288 author="B. M. Bower" score=3
2026-05-25T05:20:11Z SELECT western gutenberg_id=8093 author="Joseph A. Altsheler" score=2
2026-05-25T05:20:11Z SELECT western gutenberg_id=3285 author="Zane Grey" score=4
2026-05-25T05:20:11Z SELECT western gutenberg_id=3752 author="Zane Grey" score=4
2026-05-25T05:20:11Z SELECT western gutenberg_id=3808 author="Zane Grey" score=4
2026-05-25T05:20:11Z SELECT western gutenberg_id=5765 author="Zane Grey" score=4
2026-05-25T05:20:11Z SELECT western gutenberg_id=6996 author="Zane Grey" score=4
2026-05-25T05:20:11Z SELECT western gutenberg_id=20381 author="Dane Coolidge" score=4
2026-05-25T05:20:11Z SELECT western gutenberg_id=3179 author="Zane Grey" score=3
2026-05-25T05:20:11Z SELECT western gutenberg_id=3756 author="Zane Grey" score=3
2026-05-25T05:20:11Z SELECT western gutenberg_id=3784 author="Zane Grey" score=3
2026-05-25T05:20:11Z SELECT western gutenberg_id=3829 author="Zane Grey" score=3
2026-05-25T05:20:11Z SELECT western gutenberg_id=4051 author="Zane Grey" score=3
2026-05-25T05:20:11Z SELECT western gutenberg_id=5755 author="Zane Grey" score=3
2026-05-25T05:20:11Z SELECT western gutenberg_id=6995 author="Zane Grey" score=3
2026-05-25T05:20:11Z SELECT western gutenberg_id=3779 author="Zane Grey" score=2
2026-05-25T05:20:11Z SELECT western gutenberg_id=3818 author="Zane Grey" score=2
2026-05-25T05:20:11Z SELECT western gutenberg_id=5757 author="Zane Grey" score=2
2026-05-25T05:20:11Z SELECT western gutenberg_id=6993 author="Zane Grey" score=2
2026-05-25T05:20:11Z SELECT western gutenberg_id=7762 author="Owen Wister" score=2
2026-05-25T05:20:11Z SELECT western gutenberg_id=7763 author="Owen Wister" score=2
2026-05-25T05:20:11Z SELECT western gutenberg_id=7764 author="Owen Wister" score=2
2026-05-25T05:20:11Z SELECT western gutenberg_id=8084 author="Clarence E. Mulford" score=2
2026-05-25T05:20:11Z SELECT western gutenberg_id=8085 author="Clarence E. Mulford" score=2
2026-05-25T05:20:14Z FETCH_OK gutenberg_id=1012 word_count=97815 text_sha256=da512e9439ca15e16fb2aa32e2cda5222ddc0046edab7af55167ff076d911f8e
2026-05-25T05:20:17Z FETCH_OK gutenberg_id=1389 word_count=22785 text_sha256=e670a1ecef3d7206f7fb5b383aa42f18c38b7afb2759b448fa26adc2983eb695
2026-05-25T05:20:19Z FETCH_OK gutenberg_id=1528 word_count=27646 text_sha256=9180533e8821b63a590ebab943012b12e9b4c3995e8380bc381d3cff6ae5b675
2026-05-25T05:20:23Z FETCH_SHORT gutenberg_id=19572 word_count=615 (<5000)
2026-05-25T05:20:25Z FETCH_OK gutenberg_id=8083 word_count=6654 text_sha256=b15337f3cea11091aee29d14c7fe862e4011730eafc8b279e160a81871be018a
2026-05-25T05:20:28Z FETCH_OK gutenberg_id=10717 word_count=52169 text_sha256=98261e829e5b282e48abf671860b08361852d198a9c23cab344dabc4a64299a7
2026-05-25T05:20:31Z FETCH_OK gutenberg_id=14288 word_count=132170 text_sha256=2f17126546e7a27c7885dacfa2c7a3f0b93b879a3502fc66519e6470fdfd1049
2026-05-25T05:20:34Z FETCH_OK gutenberg_id=8093 word_count=105009 text_sha256=81be2ae2d08dd39f4a72d3c2a095e5012a5f207258aafd3ffe269e9bbd593098
2026-05-25T05:20:38Z FETCH_OK gutenberg_id=3285 word_count=212084 text_sha256=d2245972c143722039c583f57bcd2fa51d87b2e8110537e16813e3a0cc3c57a0
2026-05-25T05:20:40Z FETCH_OK gutenberg_id=3752 word_count=42397 text_sha256=ac4113590145f5ebfc63b1adf3ed193f6038009db19b90d8079cf82283454063
2026-05-25T05:20:43Z FETCH_OK gutenberg_id=3808 word_count=52050 text_sha256=8ed39fc703b6c060e792ba7631a9879a45059b40ccd4d9bf32b38a7eaa1ac0cf
2026-05-25T05:20:46Z FETCH_OK gutenberg_id=5765 word_count=159881 text_sha256=6a4ef2639625d77bce03060a8fb0ebf9a8eb7721d22efab280a507627ef019e1
2026-05-25T05:20:49Z FETCH_OK gutenberg_id=6996 word_count=20911 text_sha256=8a70f84907d67d119616970371f0ecb3c4587c5751e091b77836ca46de8a5bab
2026-05-25T05:20:52Z FETCH_OK gutenberg_id=20381 word_count=50789 text_sha256=4e44ec7094cd8ff28aaa55b1c4e03bd143a79c7df4db89fb4b4df1e937071aa7
2026-05-25T05:20:54Z FETCH_OK gutenberg_id=3179 word_count=64077 text_sha256=76cad5105cd02017794c382c6ac906657246071df91ae8c92d6ce727e411c4b7
2026-05-25T05:20:57Z FETCH_OK gutenberg_id=3756 word_count=73114 text_sha256=25cfe0a71c5f17179939750b198256e45ab1993e78981332d440bcacb0b46ebb
2026-05-25T05:21:00Z FETCH_OK gutenberg_id=3784 word_count=53654 text_sha256=a1e4e7c970e28e4d5e1bbd782b00f9c60401c8d418263942aa60a81db56519c2
2026-05-25T05:21:03Z FETCH_OK gutenberg_id=3829 word_count=50522 text_sha256=415b5751542e3dc413bc69f63c6e584278029ee4d71afa01c5da4cca31b6a2fb
2026-05-25T05:21:06Z FETCH_OK gutenberg_id=4051 word_count=107297 text_sha256=f696a978bc36a5ce3c39953337680ca2937a67bbe7434234afcea0518c5e68ac
2026-05-25T05:21:09Z FETCH_OK gutenberg_id=5755 word_count=112177 text_sha256=cbf28a12bf571dab0cea55834c250f202db2c004e1c5e9db62c32364d8817a2f
2026-05-25T05:21:12Z FETCH_OK gutenberg_id=6995 word_count=35583 text_sha256=7cf97531e648e6382075d9fc9fbd75a3ffc231cfe8acaec583911d3eded1b7aa
2026-05-25T05:21:15Z FETCH_OK gutenberg_id=3779 word_count=100397 text_sha256=d7c6d8736afcd9fd80428a0671497eaf9f76a29fdd7b3b5897e0dd676247a871
2026-05-25T05:21:19Z FETCH_OK gutenberg_id=3818 word_count=37894 text_sha256=6ab6218b2e587652700c74c2693ab451aea146b56741b67c67df7bf147e88946
2026-05-25T05:21:22Z FETCH_OK gutenberg_id=5757 word_count=80488 text_sha256=a71f76891110e7aa46525cf2baebb15f5fcd53ae0b8ac7a94fc6ff0c7df550dc
2026-05-25T05:21:25Z FETCH_OK gutenberg_id=6993 word_count=84106 text_sha256=e47b0fc3f6a241f81dab05253305ddfc6a2cb4741d71093a7983c74f9c19604b
2026-05-25T05:21:28Z FETCH_OK gutenberg_id=7762 word_count=96376 text_sha256=ea36840a1c689013b48a363ede4c01178c5d7d379c573a23a09110e3f992c29b
2026-05-25T05:21:30Z FETCH_OK gutenberg_id=7763 word_count=41395 text_sha256=11e890488925932fd62c7f7b3c242fc48619b0d654b4142df2508df172c683a1
2026-05-25T05:21:33Z FETCH_OK gutenberg_id=7764 word_count=8934 text_sha256=42c8313315cd83d1977391f5364af2523914820b2c8d131025f8388850ef4d0b
2026-05-25T05:21:36Z FETCH_OK gutenberg_id=8084 word_count=73183 text_sha256=7d30f4b2a97e60a934dd900ba02751dc9283d7403aced8ebaa2e2dda5b9356cf
2026-05-25T05:21:39Z FETCH_OK gutenberg_id=8085 word_count=102845 text_sha256=c611f17bb4fab2c14b0130ee7278f7b3827cf878d3ea66408e6cd461d29ba0ba
2026-05-25T05:21:42Z FETCH_OK gutenberg_id=8086 word_count=50893 text_sha256=c5ab0c66c1ad817ebee9c55333d08b326d872b347e030b4d92671c1ed21d8459
2026-05-25T05:21:42Z GENRE_DONE western selected=30 fetch_failures=1 (3.2%)
