=== Corpus gid Integrity Audit ===
Total rows: 240
  BENIGN:           154
  SERIOUS:          86
  MISSING_GUTENDEX: 0
Threshold: title_score >= 85 AND author_lastname matches

--- SERIOUS (86) ---
SERIOUS           gid     96 (adventure     )  [score=37, lastname_match=False]
  Expected: "Rupert of Hentzau" by Anthony Hope
  Actual:   "The Monster Men" by Burroughs, Edgar Rice
  Reason:   title_score=37<85; author lastname mismatch
SERIOUS           gid    559 (adventure     )  [score=25, lastname_match=True]
  Expected: "The Thirty-Nine Steps" by John Buchan
  Actual:   "Greenmantle" by Buchan, John
  Reason:   title_score=25<85
SERIOUS           gid    560 (adventure     )  [score=33, lastname_match=True]
  Expected: "Greenmantle" by John Buchan
  Actual:   "Mr. Standfast" by Buchan, John
  Reason:   title_score=33<85
SERIOUS           gid    561 (adventure     )  [score=40, lastname_match=False]
  Expected: "Tales of the Fish Patrol" by Jack London
  Actual:   "The Further Adventures of Robinson Crusoe" by Defoe, Daniel
  Reason:   title_score=40<85; author lastname mismatch
SERIOUS           gid    562 (adventure     )  [score=21, lastname_match=False]
  Expected: "Prester John" by John Buchan
  Actual:   "The Go Ahead Boys and the Racing Motor-Boat" by Kay, Ross
  Reason:   title_score=21<85; author lastname mismatch
SERIOUS           gid    563 (adventure     )  [score=25, lastname_match=False]
  Expected: "Salute to Adventurers" by John Buchan
  Actual:   "The Planet Mars and Its Inhabitants, a Psychic Revelation" by Kennon, J. L.
  Reason:   title_score=25<85; author lastname mismatch
SERIOUS           gid    848 (adventure     )  [score=75, lastname_match=True]
  Expected: "The Black Arrow" by Robert Louis Stevenson
  Actual:   "The Black Arrow: A Tale of the Two Roses" by Stevenson, Robert Louis
  Reason:   title_score=75<85
SERIOUS           gid    864 (adventure     )  [score=73, lastname_match=True]
  Expected: "The Master of Ballantrae" by Robert Louis Stevenson
  Actual:   "The Master of Ballantrae: A Winter's Tale" by Stevenson, Robert Louis
  Reason:   title_score=73<85
SERIOUS           gid   2701 (adventure     )  [score=24, lastname_match=True]
  Expected: "Moby-Dick" by Herman Melville
  Actual:   "Moby Dick; Or, The Whale" by Melville, Herman
  Reason:   title_score=24<85
SERIOUS           gid  32954 (adventure     )  [score=75, lastname_match=True]
  Expected: "The Black Arrow" by Robert Louis Stevenson
  Actual:   "The Black Arrow: A Tale of the Two Roses" by Stevenson, Robert Louis
  Reason:   title_score=75<85
SERIOUS           gid     43 (gothic_horror )  [score=83, lastname_match=True]
  Expected: "The Strange Case of Dr Jekyll and Mr Hyde" by Robert Louis Stevenson
  Actual:   "The strange case of Dr. Jekyll and Mr. Hyde" by Stevenson, Robert Louis
  Reason:   title_score=83<85
SERIOUS           gid     84 (gothic_horror )  [score=47, lastname_match=True]
  Expected: "Frankenstein" by Mary Shelley
  Actual:   "Frankenstein; or, the modern prometheus" by Shelley, Mary Wollstonecraft
  Reason:   title_score=47<85
SERIOUS           gid    376 (gothic_horror )  [score=12, lastname_match=False]
  Expected: "The Three Imposters" by Arthur Machen
  Actual:   "A Journal of the Plague Year: Being Observations or Memorials of the Most Remarkable Occurrences, as Well Public as Private, Which Happened in London During the Last Great Visitation in 1665. Written by a Citizen Who Continued All the While in London" by Defoe, Daniel
  Reason:   title_score=12<85; author lastname mismatch
SERIOUS           gid    378 (gothic_horror )  [score=72, lastname_match=False]
  Expected: "The White People" by Arthur Machen
  Actual:   "The White Knight: Tirant Lo Blanc" by Martorell, Joanot; Galba, Martí Joan de
  Reason:   title_score=72<85; author lastname mismatch
SERIOUS           gid    601 (gothic_horror )  [score=59, lastname_match=True]
  Expected: "The Monk" by Matthew Lewis
  Actual:   "The Monk: A Romance" by Lewis, M. G. (Matthew Gregory)
  Reason:   title_score=59<85
SERIOUS           gid    768 (gothic_horror )  [score=100, lastname_match=False]
  Expected: "Wuthering Heights" by Emily Bronte
  Actual:   "Wuthering Heights" by Brontë, Emily
  Reason:   author lastname mismatch
SERIOUS           gid    792 (gothic_horror )  [score=25, lastname_match=True]
  Expected: "Wieland" by Charles Brockden Brown
  Actual:   "Wieland; Or, The Transformation: An American Tale" by Brown, Charles Brockden
  Reason:   title_score=25<85
SERIOUS           gid   5145 (gothic_horror )  [score=42, lastname_match=False]
  Expected: "The Italian" by Ann Radcliffe
  Actual:   "The Heart of the Hills" by Fox, John, Jr.
  Reason:   title_score=42<85; author lastname mismatch
SERIOUS           gid   5152 (gothic_horror )  [score=15, lastname_match=False]
  Expected: "Villette" by Charlotte Bronte
  Actual:   "One Thousand Questions in California Agriculture Answered" by Wickson, Edward J. (Edward James)
  Reason:   title_score=15<85; author lastname mismatch
SERIOUS           gid   5153 (gothic_horror )  [score=37, lastname_match=False]
  Expected: "Northanger Abbey" by Jane Austen
  Actual:   "Rung Ho! A Novel" by Mundy, Talbot
  Reason:   title_score=37<85; author lastname mismatch
SERIOUS           gid   5154 (gothic_horror )  [score=30, lastname_match=False]
  Expected: "Uncle Silas" by J. Sheridan Le Fanu
  Actual:   "La Bête humaine" by Zola, Émile
  Reason:   title_score=30<85; author lastname mismatch
SERIOUS           gid   8487 (gothic_horror )  [score=29, lastname_match=False]
  Expected: "More Ghost Stories" by M. R. James
  Actual:   "Dame Care" by Sudermann, Hermann
  Reason:   title_score=29<85; author lastname mismatch
SERIOUS           gid  11323 (gothic_horror )  [score=53, lastname_match=True]
  Expected: "Caleb Williams" by William Godwin
  Actual:   "Caleb Williams; Or, Things as They Are" by Godwin, William
  Reason:   title_score=53<85
SERIOUS           gid  14833 (gothic_horror )  [score=71, lastname_match=True]
  Expected: "Varney the Vampire" by James Malcolm Rymer
  Actual:   "Varney the vampyre; or, the feast of blood" by Prest, Thomas Peckett; Rymer, James Malcolm
  Reason:   title_score=71<85
SERIOUS           gid     82 (historical    )  [score=56, lastname_match=True]
  Expected: "Ivanhoe" by Walter Scott
  Actual:   "Ivanhoe: A Romance" by Scott, Walter
  Reason:   title_score=56<85
SERIOUS           gid    917 (historical    )  [score=70, lastname_match=True]
  Expected: "Barnaby Rudge" by Charles Dickens
  Actual:   "Barnaby Rudge: A Tale of the Riots of 'Eighty" by Dickens, Charles
  Reason:   title_score=70<85
SERIOUS           gid    940 (historical    )  [score=76, lastname_match=True]
  Expected: "The Last of the Mohicans" by James Fenimore Cooper
  Actual:   "The Last of the Mohicans; A narrative of 1757" by Cooper, James Fenimore
  Reason:   title_score=76<85
SERIOUS           gid   5998 (historical    )  [score=36, lastname_match=True]
  Expected: "Waverley" by Walter Scott
  Actual:   "Waverley; or, 'Tis sixty years since" by Scott, Walter
  Reason:   title_score=36<85
SERIOUS           gid   6941 (historical    )  [score=72, lastname_match=True]
  Expected: "Old Mortality" by Walter Scott
  Actual:   "Old Mortality, Complete" by Scott, Walter
  Reason:   title_score=72<85
SERIOUS           gid   7151 (historical    )  [score=15, lastname_match=False]
  Expected: "Quo Vadis" by Henryk Sienkiewicz
  Actual:   "Clelia: Il governo dei preti - Romanzo storico politico" by Garibaldi, Giuseppe
  Reason:   title_score=15<85; author lastname mismatch
SERIOUS           gid   7153 (historical    )  [score=24, lastname_match=False]
  Expected: "The Deluge" by Henryk Sienkiewicz
  Actual:   "Elder Conklin and Other Stories" by Harris, Frank
  Reason:   title_score=24<85; author lastname mismatch
SERIOUS           gid   7154 (historical    )  [score=31, lastname_match=False]
  Expected: "Pan Michael" by Henryk Sienkiewicz
  Actual:   "The Prince and the Pauper, Part 1." by Twain, Mark
  Reason:   title_score=31<85; author lastname mismatch
SERIOUS           gid   7155 (historical    )  [score=36, lastname_match=False]
  Expected: "The Hunchback of Notre-Dame" by Victor Hugo
  Actual:   "The Prince and the Pauper, Part 2." by Twain, Mark
  Reason:   title_score=36<85; author lastname mismatch
SERIOUS           gid   7159 (historical    )  [score=35, lastname_match=False]
  Expected: "The Deerslayer" by James Fenimore Cooper
  Actual:   "The Prince and the Pauper, Part 6." by Twain, Mark
  Reason:   title_score=35<85; author lastname mismatch
SERIOUS           gid   7160 (historical    )  [score=45, lastname_match=False]
  Expected: "The Pathfinder" by James Fenimore Cooper
  Actual:   "The Prince and the Pauper, Part 7." by Twain, Mark
  Reason:   title_score=45<85; author lastname mismatch
SERIOUS           gid   7161 (historical    )  [score=40, lastname_match=False]
  Expected: "The Pioneers" by James Fenimore Cooper
  Actual:   "The Prince and the Pauper, Part 8." by Twain, Mark
  Reason:   title_score=40<85; author lastname mismatch
SERIOUS           gid   7162 (historical    )  [score=44, lastname_match=False]
  Expected: "The Prairie" by James Fenimore Cooper
  Actual:   "The Prince and the Pauper, Part 9." by Twain, Mark
  Reason:   title_score=44<85; author lastname mismatch
SERIOUS           gid   7163 (historical    )  [score=9, lastname_match=False]
  Expected: "Romola" by George Eliot
  Actual:   "The History of Australian Exploration from 1788 to 1888" by Favenc, Ernest
  Reason:   title_score=9<85; author lastname mismatch
SERIOUS           gid   7164 (historical    )  [score=9, lastname_match=False]
  Expected: "Henry Esmond" by William Makepeace Thackeray
  Actual:   "Gitanjali" by Tagore, Rabindranath
  Reason:   title_score=9<85; author lastname mismatch
SERIOUS           gid    208 (literary      )  [score=72, lastname_match=True]
  Expected: "Daisy Miller" by Henry James
  Actual:   "Daisy Miller: A Study" by James, Henry
  Reason:   title_score=72<85
SERIOUS           gid    210 (literary      )  [score=25, lastname_match=True]
  Expected: "The Ambassadors" by Henry James
  Actual:   "An International Episode" by James, Henry
  Reason:   title_score=25<85
SERIOUS           gid    211 (literary      )  [score=42, lastname_match=True]
  Expected: "The Wings of the Dove" by Henry James
  Actual:   "The Aspern Papers" by James, Henry
  Reason:   title_score=42<85
SERIOUS           gid    214 (literary      )  [score=25, lastname_match=False]
  Expected: "The Golden Bowl" by Henry James
  Actual:   "In the Days When the World Was Wide, and Other Verses" by Lawson, Henry
  Reason:   title_score=25<85; author lastname mismatch
SERIOUS           gid    542 (literary      )  [score=18, lastname_match=False]
  Expected: "Ethan Frome" by Edith Wharton
  Actual:   "The Life of Me: An Autobiography" by Johnson, Clarence Edgar
  Reason:   title_score=18<85; author lastname mismatch
SERIOUS           gid   4275 (literary      )  [score=0, lastname_match=False]
  Expected: "Howards End" by E. M. Forster
  Actual:   "Ruth" by Gaskell, Elizabeth Cleghorn
  Reason:   title_score=0<85; author lastname mismatch
SERIOUS           gid   5817 (literary      )  [score=12, lastname_match=False]
  Expected: "Lord Jim" by Joseph Conrad
  Actual:   "The Clockmaker — or, the Sayings and Doings of Samuel Slick, of Slickville" by Haliburton, Thomas Chandler
  Reason:   title_score=12<85; author lastname mismatch
SERIOUS           gid   5818 (literary      )  [score=6, lastname_match=False]
  Expected: "Nostromo" by Joseph Conrad
  Actual:   "The Gilded Age, Part 1." by Twain, Mark; Warner, Charles Dudley
  Reason:   title_score=6<85; author lastname mismatch
SERIOUS           gid   9183 (literary      )  [score=28, lastname_match=False]
  Expected: "Poor White" by Sherwood Anderson
  Actual:   "Wilfrid Cumbermede" by MacDonald, George
  Reason:   title_score=28<85; author lastname mismatch
SERIOUS           gid    480 (mystery       )  [score=17, lastname_match=False]
  Expected: "Armadale" by Wilkie Collins
  Actual:   ""Undo": A Novel" by Hutsko, Joe
  Reason:   title_score=17<85; author lastname mismatch
SERIOUS           gid    583 (mystery       )  [score=40, lastname_match=False]
  Expected: "The Mystery of Edwin Drood" by Charles Dickens
  Actual:   "The Woman in White" by Collins, Wilkie
  Reason:   title_score=40<85; author lastname mismatch
SERIOUS           gid    834 (mystery       )  [score=23, lastname_match=True]
  Expected: "His Last Bow" by Arthur Conan Doyle
  Actual:   "The Memoirs of Sherlock Holmes" by Doyle, Arthur Conan
  Reason:   title_score=23<85
SERIOUS           gid   1155 (mystery       )  [score=52, lastname_match=False]
  Expected: "The Circular Staircase" by Mary Roberts Rinehart
  Actual:   "The Secret Adversary" by Christie, Agatha
  Reason:   title_score=52<85; author lastname mismatch
SERIOUS           gid   1661 (mystery       )  [score=84, lastname_match=True]
  Expected: "The Memoirs of Sherlock Holmes" by Arthur Conan Doyle
  Actual:   "The Adventures of Sherlock Holmes" by Doyle, Arthur Conan
  Reason:   title_score=84<85
SERIOUS           gid   1695 (mystery       )  [score=78, lastname_match=True]
  Expected: "The Man Who Was Thursday" by G. K. Chesterton
  Actual:   "The Man Who Was Thursday: A Nightmare" by Chesterton, G. K. (Gilbert Keith)
  Reason:   title_score=78<85
SERIOUS           gid   1851 (mystery       )  [score=65, lastname_match=False]
  Expected: "The Man in Lower Ten" by Mary Roberts Rinehart
  Actual:   "The Woman in the Alcove" by Green, Anna Katharine
  Reason:   title_score=65<85; author lastname mismatch
SERIOUS           gid   2098 (mystery       )  [score=82, lastname_match=True]
  Expected: "A Thief in the Night" by E. W. Hornung
  Actual:   "A Thief in the Night: A Book of Raffles' Adventures" by Hornung, E. W. (Ernest William)
  Reason:   title_score=82<85
SERIOUS           gid   2155 (mystery       )  [score=32, lastname_match=False]
  Expected: "The Door of Death" by Mary Roberts Rinehart
  Actual:   "Phyllis of Philistia" by Moore, Frank Frankfort
  Reason:   title_score=32<85; author lastname mismatch
SERIOUS           gid   2371 (mystery       )  [score=82, lastname_match=True]
  Expected: "The Filigree Ball" by Anna Katharine Green
  Actual:   "The Filigree Ball: Being a full and true account of the solution of the mystery concerning the Jeffrey-Moore affair" by Green, Anna Katharine
  Reason:   title_score=82<85
SERIOUS           gid   3307 (mystery       )  [score=21, lastname_match=False]
  Expected: "That Affair Next Door" by Anna Katharine Green
  Actual:   "The Pagan Tribes of Borneo: A Description of Their Physical Moral and Intellectual Condition, with Some Discussion of Their Ethnic Relations" by Hose, Charles; McDougall, William
  Reason:   title_score=21<85; author lastname mismatch
SERIOUS           gid    110 (romance       )  [score=78, lastname_match=True]
  Expected: "Tess of the d'Urbervilles" by Thomas Hardy
  Actual:   "Tess of the d'Urbervilles: A Pure Woman" by Hardy, Thomas
  Reason:   title_score=78<85
SERIOUS           gid   1245 (romance       )  [score=19, lastname_match=False]
  Expected: "Villette" by Charlotte Bronte
  Actual:   "Night and Day" by Woolf, Virginia
  Reason:   title_score=19<85; author lastname mismatch
SERIOUS           gid   1252 (romance       )  [score=17, lastname_match=False]
  Expected: "Shirley" by Charlotte Bronte
  Actual:   "Le Morte d'Arthur: Volume 2" by Malory, Thomas, Sir
  Reason:   title_score=17<85; author lastname mismatch
SERIOUS           gid   1260 (romance       )  [score=61, lastname_match=False]
  Expected: "Jane Eyre" by Charlotte Bronte
  Actual:   "Jane Eyre: An Autobiography" by Brontë, Charlotte
  Reason:   title_score=61<85; author lastname mismatch
SERIOUS           gid   1392 (romance       )  [score=17, lastname_match=False]
  Expected: "Lady Susan" by Jane Austen
  Actual:   "The Seven Poor Travellers" by Dickens, Charles
  Reason:   title_score=17<85; author lastname mismatch
SERIOUS           gid   2095 (romance       )  [score=45, lastname_match=False]
  Expected: "The Tenant of Wildfell Hall" by Anne Bronte
  Actual:   "Clotelle: A Tale of the Southern States" by Brown, William Wells
  Reason:   title_score=45<85; author lastname mismatch
SERIOUS           gid   2891 (romance       )  [score=23, lastname_match=False]
  Expected: "The Heart of Midlothian" by Walter Scott
  Actual:   "Howards End" by Forster, E. M. (Edward Morgan)
  Reason:   title_score=23<85; author lastname mismatch
SERIOUS           gid   4860 (romance       )  [score=32, lastname_match=False]
  Expected: "The Mill on the Floss" by George Eliot
  Actual:   "History of the United Netherlands, 1586-89 — Complete" by Motley, John Lothrop
  Reason:   title_score=32<85; author lastname mismatch
SERIOUS           gid    325 (speculative   )  [score=35, lastname_match=True]
  Expected: "Phantastes" by George MacDonald
  Actual:   "Phantastes: A Faerie Romance for Men and Women" by MacDonald, George
  Reason:   title_score=35<85
SERIOUS           gid    706 (speculative   )  [score=14, lastname_match=False]
  Expected: "Lilith" by George MacDonald
  Actual:   "The Amateur Cracksman" by Hornung, E. W. (Ernest William)
  Reason:   title_score=14<85; author lastname mismatch
SERIOUS           gid   1353 (speculative   )  [score=72, lastname_match=True]
  Expected: "Off on a Comet" by Jules Verne
  Actual:   "Off on a Comet! a Journey through Planetary Space" by Verne, Jules
  Reason:   title_score=72<85
SERIOUS           gid   1652 (speculative   )  [score=34, lastname_match=True]
  Expected: "Robur the Conqueror" by Jules Verne
  Actual:   "The Survivors of the Chancellor: Diary of J.R. Kazallon, Passenger" by Verne, Jules
  Reason:   title_score=34<85
SERIOUS           gid   5231 (speculative   )  [score=45, lastname_match=False]
  Expected: "The Gods of Mars" by Edgar Rice Burroughs
  Actual:   "The Way We Live Now" by Trollope, Anthony
  Reason:   title_score=45<85; author lastname mismatch
SERIOUS           gid   1012 (western       )  [score=30, lastname_match=False]
  Expected: "The Virginian" by Owen Wister
  Actual:   "La Divina Commedia di Dante" by Dante Alighieri
  Reason:   title_score=30<85; author lastname mismatch
SERIOUS           gid   1027 (western       )  [score=82, lastname_match=True]
  Expected: "The Spirit of the Border" by Zane Grey
  Actual:   "The Lone Star Ranger: A Romance of the Border" by Grey, Zane
  Reason:   title_score=82<85
SERIOUS           gid   1078 (western       )  [score=76, lastname_match=True]
  Expected: "The Texan Scouts" by Joseph A. Altsheler
  Actual:   "The Scouts of the Valley" by Altsheler, Joseph A. (Joseph Alexander)
  Reason:   title_score=76<85
SERIOUS           gid   3756 (western       )  [score=24, lastname_match=False]
  Expected: "Betty Zane" by Zane Grey
  Actual:   "Indiscretions of Archie" by Wodehouse, P. G. (Pelham Grenville)
  Reason:   title_score=24<85; author lastname mismatch
SERIOUS           gid   4051 (western       )  [score=30, lastname_match=False]
  Expected: "The Lone Star Ranger" by Zane Grey
  Actual:   "Lady Bridget in the Never-Never Land: a story of Australian life" by Praed, Campbell, Mrs.
  Reason:   title_score=30<85; author lastname mismatch
SERIOUS           gid   4684 (western       )  [score=82, lastname_match=True]
  Expected: "The U.P. Trail" by Zane Grey
  Actual:   "The U. P. Trail" by Grey, Zane
  Reason:   title_score=82<85
SERIOUS           gid   8087 (western       )  [score=26, lastname_match=False]
  Expected: "Buck Peters, Ranchman" by Clarence E. Mulford
  Actual:   "A Fountain Sealed" by Sedgwick, Anne Douglas
  Reason:   title_score=26<85; author lastname mismatch
SERIOUS           gid   8088 (western       )  [score=21, lastname_match=False]
  Expected: "The Outlet" by Andy Adams
  Actual:   "Passages from the American Notebooks, Volume 1" by Hawthorne, Nathaniel
  Reason:   title_score=21<85; author lastname mismatch
SERIOUS           gid   8089 (western       )  [score=26, lastname_match=False]
  Expected: "Cattle Brands" by Andy Adams
  Actual:   "Passages from the American Notebooks, Volume 2." by Hawthorne, Nathaniel
  Reason:   title_score=26<85; author lastname mismatch
SERIOUS           gid   8090 (western       )  [score=29, lastname_match=False]
  Expected: "Reed Anthony, Cowman" by Andy Adams
  Actual:   "Our Old Home: A Series of English Sketches" by Hawthorne, Nathaniel
  Reason:   title_score=29<85; author lastname mismatch
SERIOUS           gid   8091 (western       )  [score=41, lastname_match=False]
  Expected: "Wells Brothers" by Andy Adams
  Actual:   "Sketches and Studies" by Hawthorne, Nathaniel
  Reason:   title_score=41<85; author lastname mismatch
SERIOUS           gid   8094 (western       )  [score=24, lastname_match=False]
  Expected: "The Texan Star" by Joseph A. Altsheler
  Actual:   "Certain Noble Plays of Japan: From the manuscripts of Ernest Fenollosa" by 
  Reason:   title_score=24<85; author lastname mismatch
SERIOUS           gid   8095 (western       )  [score=42, lastname_match=False]
  Expected: "Riders of the Silences" by Max Brand
  Actual:   "Awful Disclosures of the Hotel Dieu Nunnery of Montreal: Containing, Also, Many Incidents Never before Published" by Monk, Maria
  Reason:   title_score=42<85; author lastname mismatch
SERIOUS           gid  12797 (western       )  [score=77, lastname_match=True]
  Expected: "The Log of a Cowboy" by Andy Adams
  Actual:   "The Log of a Cowboy: A Narrative of the Old Trail Days" by Adams, Andy
  Reason:   title_score=77<85

--- MISSING_GUTENDEX (0) ---

--- BENIGN (154) ---
BENIGN            gid     60 (adventure     )  [score=100, lastname_match=True]
  Expected: "The Scarlet Pimpernel" by Baroness Orczy
  Actual:   "The Scarlet Pimpernel" by Orczy, Emmuska Orczy, Baroness
  Reason:   title_score=100>=85, author lastname matches
BENIGN            gid     76 (adventure     )  [score=100, lastname_match=True]
  Expected: "Adventures of Huckleberry Finn" by Mark Twain
  Actual:   "Adventures of Huckleberry Finn" by Twain, Mark
  Reason:   title_score=100>=85, author lastname matches
BENIGN            gid     78 (adventure     )  [score=100, lastname_match=True]
  Expected: "Tarzan of the Apes" by Edgar Rice Burroughs
  Actual:   "Tarzan of the Apes" by Burroughs, Edgar Rice
  Reason:   title_score=100>=85, author lastname matches
BENIGN            gid     81 (adventure     )  [score=86, lastname_match=True]
  Expected: "The Son of Tarzan" by Edgar Rice Burroughs
  Actual:   "The Return of Tarzan" by Burroughs, Edgar Rice
  Reason:   title_score=86>=85, author lastname matches
BENIGN            gid     85 (adventure     )  [score=100, lastname_match=True]
  Expected: "The Beasts of Tarzan" by Edgar Rice Burroughs
  Actual:   "The Beasts of Tarzan" by Burroughs, Edgar Rice
  Reason:   title_score=100>=85, author lastname matches
BENIGN            gid     90 (adventure     )  [score=86, lastname_match=True]
  Expected: "The Return of Tarzan" by Edgar Rice Burroughs
  Actual:   "The Son of Tarzan" by Burroughs, Edgar Rice
  Reason:   title_score=86>=85, author lastname matches
BENIGN            gid     92 (adventure     )  [score=100, lastname_match=True]
  Expected: "Tarzan and the Jewels of Opar" by Edgar Rice Burroughs
  Actual:   "Tarzan and the Jewels of Opar" by Burroughs, Edgar Rice
  Reason:   title_score=100>=85, author lastname matches
BENIGN            gid     95 (adventure     )  [score=95, lastname_match=True]
  Expected: "The Prisoner of Zenda" by Anthony Hope
  Actual:   "The prisoner of Zenda" by Hope, Anthony
  Reason:   title_score=95>=85, author lastname matches
BENIGN            gid    120 (adventure     )  [score=100, lastname_match=True]
  Expected: "Treasure Island" by Robert Louis Stevenson
  Actual:   "Treasure Island" by Stevenson, Robert Louis
  Reason:   title_score=100>=85, author lastname matches
BENIGN            gid    215 (adventure     )  [score=90, lastname_match=True]
  Expected: "The Call of the Wild" by Jack London
  Actual:   "The call of the wild" by London, Jack
  Reason:   title_score=90>=85, author lastname matches
BENIGN            gid    370 (adventure     )  [score=100, lastname_match=True]
  Expected: "Moll Flanders" by Daniel Defoe
  Actual:   "The Fortunes and Misfortunes of the Famous Moll Flanders" by Defoe, Daniel
  Reason:   title_score=100>=85, author lastname matches
BENIGN            gid    421 (adventure     )  [score=100, lastname_match=True]
  Expected: "Kidnapped" by Robert Louis Stevenson
  Actual:   "Kidnapped" by Stevenson, Robert Louis
  Reason:   title_score=100>=85, author lastname matches
BENIGN            gid    589 (adventure     )  [score=100, lastname_match=True]
  Expected: "Catriona" by Robert Louis Stevenson
  Actual:   "Catriona" by Stevenson, Robert Louis
  Reason:   title_score=100>=85, author lastname matches
BENIGN            gid    910 (adventure     )  [score=100, lastname_match=True]
  Expected: "White Fang" by Jack London
  Actual:   "White Fang" by London, Jack
  Reason:   title_score=100>=85, author lastname matches
BENIGN            gid   1056 (adventure     )  [score=100, lastname_match=True]
  Expected: "Martin Eden" by Jack London
  Actual:   "Martin Eden" by London, Jack
  Reason:   title_score=100>=85, author lastname matches
BENIGN            gid   1074 (adventure     )  [score=100, lastname_match=True]
  Expected: "The Sea-Wolf" by Jack London
  Actual:   "The Sea-Wolf" by London, Jack
  Reason:   title_score=100>=85, author lastname matches
BENIGN            gid   1142 (adventure     )  [score=100, lastname_match=True]
  Expected: "Typhoon" by Joseph Conrad
  Actual:   "Typhoon" by Conrad, Joseph
  Reason:   title_score=100>=85, author lastname matches
BENIGN            gid   1208 (adventure     )  [score=100, lastname_match=True]
  Expected: "South Sea Tales" by Jack London
  Actual:   "South Sea Tales" by London, Jack
  Reason:   title_score=100>=85, author lastname matches
BENIGN            gid   1965 (adventure     )  [score=100, lastname_match=True]
  Expected: "Captain Blood" by Rafael Sabatini
  Actual:   "Captain Blood" by Sabatini, Rafael
  Reason:   title_score=100>=85, author lastname matches
BENIGN            gid   2512 (adventure     )  [score=95, lastname_match=True]
  Expected: "The Cruise of the Snark" by Jack London
  Actual:   "The cruise of the Snark" by London, Jack
  Reason:   title_score=95>=85, author lastname matches
BENIGN            gid    174 (gothic_horror )  [score=100, lastname_match=True]
  Expected: "The Picture of Dorian Gray" by Oscar Wilde
  Actual:   "The Picture of Dorian Gray" by Wilde, Oscar
  Reason:   title_score=100>=85, author lastname matches
BENIGN            gid    175 (gothic_horror )  [score=100, lastname_match=True]
  Expected: "The Phantom of the Opera" by Gaston Leroux
  Actual:   "The Phantom of the Opera" by Leroux, Gaston
  Reason:   title_score=100>=85, author lastname matches
BENIGN            gid    345 (gothic_horror )  [score=100, lastname_match=True]
  Expected: "Dracula" by Bram Stoker
  Actual:   "Dracula" by Stoker, Bram
  Reason:   title_score=100>=85, author lastname matches
BENIGN            gid    389 (gothic_horror )  [score=100, lastname_match=True]
  Expected: "The Great God Pan" by Arthur Machen
  Actual:   "The Great God Pan" by Machen, Arthur
  Reason:   title_score=100>=85, author lastname matches
BENIGN            gid    696 (gothic_horror )  [score=100, lastname_match=True]
  Expected: "The Castle of Otranto" by Horace Walpole
  Actual:   "The Castle of Otranto" by Walpole, Horace
  Reason:   title_score=100>=85, author lastname matches
BENIGN            gid   2060 (gothic_horror )  [score=100, lastname_match=True]
  Expected: "Vathek" by William Beckford
  Actual:   "The History of Caliph Vathek" by Beckford, William
  Reason:   title_score=100>=85, author lastname matches
BENIGN            gid   2276 (gothic_horror )  [score=100, lastname_match=True]
  Expected: "The Private Memoirs and Confessions of a Justified Sinner" by James Hogg
  Actual:   "The Private Memoirs and Confessions of a Justified Sinner" by Hogg, James
  Reason:   title_score=100>=85, author lastname matches
BENIGN            gid   3268 (gothic_horror )  [score=100, lastname_match=True]
  Expected: "The Mysteries of Udolpho" by Ann Radcliffe
  Actual:   "The Mysteries of Udolpho" by Radcliffe, Ann Ward
  Reason:   title_score=100>=85, author lastname matches
BENIGN            gid   7371 (gothic_horror )  [score=100, lastname_match=True]
  Expected: "A Sicilian Romance" by Ann Radcliffe
  Actual:   "A Sicilian Romance" by Radcliffe, Ann Ward
  Reason:   title_score=100>=85, author lastname matches
BENIGN            gid   8486 (gothic_horror )  [score=100, lastname_match=True]
  Expected: "Ghost Stories of an Antiquary" by M. R. James
  Actual:   "Ghost Stories of an Antiquary" by James, M. R. (Montague Rhodes)
  Reason:   title_score=100>=85, author lastname matches
BENIGN            gid  10007 (gothic_horror )  [score=100, lastname_match=True]
  Expected: "Carmilla" by J. Sheridan Le Fanu
  Actual:   "Carmilla" by Le Fanu, Joseph Sheridan
  Reason:   title_score=100>=85, author lastname matches
BENIGN            gid  10897 (gothic_horror )  [score=100, lastname_match=True]
  Expected: "The Wendigo" by Algernon Blackwood
  Actual:   "The Wendigo" by Blackwood, Algernon
  Reason:   title_score=100>=85, author lastname matches
BENIGN            gid  50133 (gothic_horror )  [score=94, lastname_match=True]
  Expected: "The Dunwich Horror" by H. P. Lovecraft
  Actual:   "The Dunwich horror" by Lovecraft, H. P. (Howard Phillips)
  Reason:   title_score=94>=85, author lastname matches
BENIGN            gid  68283 (gothic_horror )  [score=94, lastname_match=True]
  Expected: "The Call of Cthulhu" by H. P. Lovecraft
  Actual:   "The call of Cthulhu" by Lovecraft, H. P. (Howard Phillips)
  Reason:   title_score=94>=85, author lastname matches
BENIGN            gid  70652 (gothic_horror )  [score=92, lastname_match=True]
  Expected: "At the Mountains of Madness" by H. P. Lovecraft
  Actual:   "At the mountains of madness" by Lovecraft, H. P. (Howard Phillips)
  Reason:   title_score=92>=85, author lastname matches
BENIGN            gid  73181 (gothic_horror )  [score=96, lastname_match=True]
  Expected: "The Shadow over Innsmouth" by H. P. Lovecraft
  Actual:   "The shadow over Innsmouth" by Lovecraft, H. P. (Howard Phillips)
  Reason:   title_score=96>=85, author lastname matches
BENIGN            gid     98 (historical    )  [score=100, lastname_match=True]
  Expected: "A Tale of Two Cities" by Charles Dickens
  Actual:   "A Tale of Two Cities" by Dickens, Charles
  Reason:   title_score=100>=85, author lastname matches
BENIGN            gid    135 (historical    )  [score=92, lastname_match=True]
  Expected: "Les Miserables" by Victor Hugo
  Actual:   "Les Misérables" by Hugo, Victor
  Reason:   title_score=92>=85, author lastname matches
BENIGN            gid   1184 (historical    )  [score=100, lastname_match=True]
  Expected: "The Count of Monte Cristo" by Alexandre Dumas
  Actual:   "The Count of Monte Cristo" by Dumas, Alexandre; Maquet, Auguste
  Reason:   title_score=100>=85, author lastname matches
BENIGN            gid   1257 (historical    )  [score=90, lastname_match=True]
  Expected: "The Three Musketeers" by Alexandre Dumas
  Actual:   "The three musketeers" by Dumas, Alexandre; Maquet, Auguste
  Reason:   title_score=90>=85, author lastname matches
BENIGN            gid   1259 (historical    )  [score=88, lastname_match=True]
  Expected: "Twenty Years After" by Alexandre Dumas
  Actual:   "Twenty years after" by Dumas, Alexandre; Maquet, Auguste
  Reason:   title_score=88>=85, author lastname matches
BENIGN            gid   1377 (historical    )  [score=100, lastname_match=True]
  Expected: "The Talisman" by Walter Scott
  Actual:   "The Talisman" by Scott, Walter
  Reason:   title_score=100>=85, author lastname matches
BENIGN            gid   1606 (historical    )  [score=100, lastname_match=True]
  Expected: "Kenilworth" by Walter Scott
  Actual:   "Kenilworth" by Scott, Walter
  Reason:   title_score=100>=85, author lastname matches
BENIGN            gid   2145 (historical    )  [score=96, lastname_match=True]
  Expected: "Ben-Hur: A Tale of the Christ" by Lew Wallace
  Actual:   "Ben-Hur: A tale of the Christ" by Wallace, Lew
  Reason:   title_score=96>=85, author lastname matches
BENIGN            gid   2600 (historical    )  [score=100, lastname_match=True]
  Expected: "War and Peace" by Leo Tolstoy
  Actual:   "War and Peace" by Tolstoy, Leo, graf
  Reason:   title_score=100>=85, author lastname matches
BENIGN            gid   2609 (historical    )  [score=100, lastname_match=True]
  Expected: "The Vicomte de Bragelonne" by Alexandre Dumas
  Actual:   "The Vicomte de Bragelonne" by Dumas, Alexandre; Maquet, Auguste
  Reason:   title_score=100>=85, author lastname matches
BENIGN            gid   2710 (historical    )  [score=95, lastname_match=True]
  Expected: "Louise de la Valliere" by Alexandre Dumas
  Actual:   "Louise de la Vallière" by Dumas, Alexandre; Maquet, Auguste
  Reason:   title_score=95>=85, author lastname matches
BENIGN            gid   2759 (historical    )  [score=100, lastname_match=True]
  Expected: "The Man in the Iron Mask" by Alexandre Dumas
  Actual:   "The Man in the Iron Mask" by Dumas, Alexandre
  Reason:   title_score=100>=85, author lastname matches
BENIGN            gid   7025 (historical    )  [score=100, lastname_match=True]
  Expected: "Rob Roy" by Walter Scott
  Actual:   "Rob Roy — Complete" by Scott, Walter
  Reason:   title_score=100>=85, author lastname matches
BENIGN            gid   7853 (historical    )  [score=100, lastname_match=True]
  Expected: "Quentin Durward" by Walter Scott
  Actual:   "Quentin Durward" by Scott, Walter
  Reason:   title_score=100>=85, author lastname matches
BENIGN            gid  25344 (historical    )  [score=100, lastname_match=True]
  Expected: "The Scarlet Letter" by Nathaniel Hawthorne
  Actual:   "The Scarlet Letter" by Hawthorne, Nathaniel
  Reason:   title_score=100>=85, author lastname matches
BENIGN            gid    144 (literary      )  [score=100, lastname_match=True]
  Expected: "The Voyage Out" by Virginia Woolf
  Actual:   "The Voyage Out" by Woolf, Virginia
  Reason:   title_score=100>=85, author lastname matches
BENIGN            gid    145 (literary      )  [score=100, lastname_match=True]
  Expected: "Middlemarch" by George Eliot
  Actual:   "Middlemarch" by Eliot, George
  Reason:   title_score=100>=85, author lastname matches
BENIGN            gid    209 (literary      )  [score=100, lastname_match=True]
  Expected: "The Turn of the Screw" by Henry James
  Actual:   "The Turn of the Screw" by James, Henry
  Reason:   title_score=100>=85, author lastname matches
BENIGN            gid    217 (literary      )  [score=100, lastname_match=True]
  Expected: "Sons and Lovers" by D. H. Lawrence
  Actual:   "Sons and Lovers" by Lawrence, D. H. (David Herbert)
  Reason:   title_score=100>=85, author lastname matches
BENIGN            gid    219 (literary      )  [score=100, lastname_match=True]
  Expected: "Heart of Darkness" by Joseph Conrad
  Actual:   "Heart of Darkness" by Conrad, Joseph
  Reason:   title_score=100>=85, author lastname matches
BENIGN            gid    284 (literary      )  [score=100, lastname_match=True]
  Expected: "The House of Mirth" by Edith Wharton
  Actual:   "The House of Mirth" by Wharton, Edith
  Reason:   title_score=100>=85, author lastname matches
BENIGN            gid    416 (literary      )  [score=100, lastname_match=True]
  Expected: "Winesburg, Ohio" by Sherwood Anderson
  Actual:   "Winesburg, Ohio: A Group of Tales of Ohio Small Town Life" by Anderson, Sherwood
  Reason:   title_score=100>=85, author lastname matches
BENIGN            gid    541 (literary      )  [score=100, lastname_match=True]
  Expected: "The Age of Innocence" by Edith Wharton
  Actual:   "The Age of Innocence" by Wharton, Edith
  Reason:   title_score=100>=85, author lastname matches
BENIGN            gid    543 (literary      )  [score=100, lastname_match=True]
  Expected: "Main Street" by Sinclair Lewis
  Actual:   "Main Street" by Lewis, Sinclair
  Reason:   title_score=100>=85, author lastname matches
BENIGN            gid   1156 (literary      )  [score=100, lastname_match=True]
  Expected: "Babbitt" by Sinclair Lewis
  Actual:   "Babbitt" by Lewis, Sinclair
  Reason:   title_score=100>=85, author lastname matches
BENIGN            gid   2641 (literary      )  [score=100, lastname_match=True]
  Expected: "A Room with a View" by E. M. Forster
  Actual:   "A Room with a View" by Forster, E. M. (Edward Morgan)
  Reason:   title_score=100>=85, author lastname matches
BENIGN            gid   2814 (literary      )  [score=100, lastname_match=True]
  Expected: "Dubliners" by James Joyce
  Actual:   "Dubliners" by Joyce, James
  Reason:   title_score=100>=85, author lastname matches
BENIGN            gid   2833 (literary      )  [score=100, lastname_match=True]
  Expected: "The Portrait of a Lady" by Henry James
  Actual:   "The Portrait of a Lady — Volume 1" by James, Henry
  Reason:   title_score=100>=85, author lastname matches
BENIGN            gid   4217 (literary      )  [score=100, lastname_match=True]
  Expected: "A Portrait of the Artist as a Young Man" by James Joyce
  Actual:   "A Portrait of the Artist as a Young Man" by Joyce, James
  Reason:   title_score=100>=85, author lastname matches
BENIGN            gid   4240 (literary      )  [score=100, lastname_match=True]
  Expected: "Women in Love" by D. H. Lawrence
  Actual:   "Women in Love" by Lawrence, D. H. (David Herbert)
  Reason:   title_score=100>=85, author lastname matches
BENIGN            gid   5200 (literary      )  [score=100, lastname_match=True]
  Expected: "Metamorphosis" by Franz Kafka
  Actual:   "Metamorphosis" by Kafka, Franz
  Reason:   title_score=100>=85, author lastname matches
BENIGN            gid  28948 (literary      )  [score=100, lastname_match=True]
  Expected: "The Rainbow" by D. H. Lawrence
  Actual:   "The Rainbow" by Lawrence, D. H. (David Herbert)
  Reason:   title_score=100>=85, author lastname matches
BENIGN            gid  64317 (literary      )  [score=100, lastname_match=True]
  Expected: "The Great Gatsby" by F. Scott Fitzgerald
  Actual:   "The Great Gatsby" by Fitzgerald, F. Scott (Francis Scott)
  Reason:   title_score=100>=85, author lastname matches
BENIGN            gid  67138 (literary      )  [score=100, lastname_match=True]
  Expected: "The Sun Also Rises" by Ernest Hemingway
  Actual:   "The Sun Also Rises" by Hemingway, Ernest
  Reason:   title_score=100>=85, author lastname matches
BENIGN            gid  71865 (literary      )  [score=96, lastname_match=True]
  Expected: "Mrs Dalloway" by Virginia Woolf
  Actual:   "Mrs. Dalloway" by Woolf, Virginia
  Reason:   title_score=96>=85, author lastname matches
BENIGN            gid  75201 (literary      )  [score=88, lastname_match=True]
  Expected: "A Farewell to Arms" by Ernest Hemingway
  Actual:   "A farewell to arms" by Hemingway, Ernest
  Reason:   title_score=88>=85, author lastname matches
BENIGN            gid    108 (mystery       )  [score=100, lastname_match=True]
  Expected: "The Return of Sherlock Holmes" by Arthur Conan Doyle
  Actual:   "The Return of Sherlock Holmes" by Doyle, Arthur Conan
  Reason:   title_score=100>=85, author lastname matches
BENIGN            gid    155 (mystery       )  [score=100, lastname_match=True]
  Expected: "The Moonstone" by Wilkie Collins
  Actual:   "The Moonstone" by Collins, Wilkie
  Reason:   title_score=100>=85, author lastname matches
BENIGN            gid    204 (mystery       )  [score=96, lastname_match=True]
  Expected: "The Innocence of Father Brown" by G. K. Chesterton
  Actual:   "The innocence of Father Brown" by Chesterton, G. K. (Gilbert Keith)
  Reason:   title_score=96>=85, author lastname matches
BENIGN            gid    223 (mystery       )  [score=96, lastname_match=True]
  Expected: "The Wisdom of Father Brown" by G. K. Chesterton
  Actual:   "The wisdom of Father Brown" by Chesterton, G. K. (Gilbert Keith)
  Reason:   title_score=96>=85, author lastname matches
BENIGN            gid    244 (mystery       )  [score=100, lastname_match=True]
  Expected: "A Study in Scarlet" by Arthur Conan Doyle
  Actual:   "A Study in Scarlet" by Doyle, Arthur Conan
  Reason:   title_score=100>=85, author lastname matches
BENIGN            gid    863 (mystery       )  [score=100, lastname_match=True]
  Expected: "The Mysterious Affair at Styles" by Agatha Christie
  Actual:   "The Mysterious Affair at Styles" by Christie, Agatha
  Reason:   title_score=100>=85, author lastname matches
BENIGN            gid   1685 (mystery       )  [score=100, lastname_match=True]
  Expected: "The Mystery of the Yellow Room" by Gaston Leroux
  Actual:   "The Mystery of the Yellow Room" by Leroux, Gaston
  Reason:   title_score=100>=85, author lastname matches
BENIGN            gid   2097 (mystery       )  [score=100, lastname_match=True]
  Expected: "The Sign of the Four" by Arthur Conan Doyle
  Actual:   "The Sign of the Four" by Doyle, Arthur Conan
  Reason:   title_score=100>=85, author lastname matches
BENIGN            gid   2360 (mystery       )  [score=100, lastname_match=True]
  Expected: "The Riddle of the Sands" by Erskine Childers
  Actual:   "The Riddle of the Sands" by Childers, Erskine
  Reason:   title_score=100>=85, author lastname matches
BENIGN            gid   2852 (mystery       )  [score=100, lastname_match=True]
  Expected: "The Hound of the Baskervilles" by Arthur Conan Doyle
  Actual:   "The Hound of the Baskervilles" by Doyle, Arthur Conan
  Reason:   title_score=100>=85, author lastname matches
BENIGN            gid   4047 (mystery       )  [score=100, lastname_match=True]
  Expected: "The Leavenworth Case" by Anna Katharine Green
  Actual:   "The Leavenworth Case" by Green, Anna Katharine
  Reason:   title_score=100>=85, author lastname matches
BENIGN            gid   4223 (mystery       )  [score=100, lastname_match=True]
  Expected: "The Mystery of a Hansom Cab" by Fergus Hume
  Actual:   "The Mystery of a Hansom Cab" by Hume, Fergus
  Reason:   title_score=100>=85, author lastname matches
BENIGN            gid   6602 (mystery       )  [score=90, lastname_match=True]
  Expected: "The Mysteries of Paris" by Eugene Sue
  Actual:   "Mysteries of Paris — Volume 02" by Sue, Eugène
  Reason:   title_score=90>=85, author lastname matches
BENIGN            gid   9806 (mystery       )  [score=100, lastname_match=True]
  Expected: "Raffles" by E. W. Hornung
  Actual:   "Mr. Justice Raffles" by Hornung, E. W. (Ernest William)
  Reason:   title_score=100>=85, author lastname matches
BENIGN            gid  10556 (mystery       )  [score=100, lastname_match=True]
  Expected: "The Old Man in the Corner" by Baroness Orczy
  Actual:   "The Old Man in the Corner" by Orczy, Emmuska Orczy, Baroness
  Reason:   title_score=100>=85, author lastname matches
BENIGN            gid  58820 (mystery       )  [score=100, lastname_match=True]
  Expected: "Whose Body?" by Dorothy L. Sayers
  Actual:   "Whose Body? A Lord Peter Wimsey Novel" by Sayers, Dorothy L. (Dorothy Leigh)
  Reason:   title_score=100>=85, author lastname matches
BENIGN            gid  65238 (mystery       )  [score=100, lastname_match=True]
  Expected: "The Secret of Chimneys" by Agatha Christie
  Actual:   "The Secret of Chimneys" by Christie, Agatha
  Reason:   title_score=100>=85, author lastname matches
BENIGN            gid  69087 (mystery       )  [score=96, lastname_match=True]
  Expected: "The Murder of Roger Ackroyd" by Agatha Christie
  Actual:   "The murder of Roger Ackroyd" by Christie, Agatha
  Reason:   title_score=96>=85, author lastname matches
BENIGN            gid  70008 (mystery       )  [score=93, lastname_match=True]
  Expected: "Unnatural Death" by Dorothy L. Sayers
  Actual:   "Unnatural death" by Sayers, Dorothy L. (Dorothy Leigh)
  Reason:   title_score=93>=85, author lastname matches
BENIGN            gid    105 (romance       )  [score=100, lastname_match=True]
  Expected: "Persuasion" by Jane Austen
  Actual:   "Persuasion" by Austen, Jane
  Reason:   title_score=100>=85, author lastname matches
BENIGN            gid    107 (romance       )  [score=100, lastname_match=True]
  Expected: "Far from the Madding Crowd" by Thomas Hardy
  Actual:   "Far from the Madding Crowd" by Hardy, Thomas
  Reason:   title_score=100>=85, author lastname matches
BENIGN            gid    121 (romance       )  [score=100, lastname_match=True]
  Expected: "Northanger Abbey" by Jane Austen
  Actual:   "Northanger Abbey" by Austen, Jane
  Reason:   title_score=100>=85, author lastname matches
BENIGN            gid    122 (romance       )  [score=100, lastname_match=True]
  Expected: "The Return of the Native" by Thomas Hardy
  Actual:   "The Return of the Native" by Hardy, Thomas
  Reason:   title_score=100>=85, author lastname matches
BENIGN            gid    141 (romance       )  [score=100, lastname_match=True]
  Expected: "Mansfield Park" by Jane Austen
  Actual:   "Mansfield Park" by Austen, Jane
  Reason:   title_score=100>=85, author lastname matches
BENIGN            gid    158 (romance       )  [score=100, lastname_match=True]
  Expected: "Emma" by Jane Austen
  Actual:   "Emma" by Austen, Jane
  Reason:   title_score=100>=85, author lastname matches
BENIGN            gid    161 (romance       )  [score=100, lastname_match=True]
  Expected: "Sense and Sensibility" by Jane Austen
  Actual:   "Sense and Sensibility" by Austen, Jane
  Reason:   title_score=100>=85, author lastname matches
BENIGN            gid    394 (romance       )  [score=100, lastname_match=True]
  Expected: "Cranford" by Elizabeth Gaskell
  Actual:   "Cranford" by Gaskell, Elizabeth Cleghorn
  Reason:   title_score=100>=85, author lastname matches
BENIGN            gid    507 (romance       )  [score=100, lastname_match=True]
  Expected: "Adam Bede" by George Eliot
  Actual:   "Adam Bede" by Eliot, George
  Reason:   title_score=100>=85, author lastname matches
BENIGN            gid    619 (romance       )  [score=100, lastname_match=True]
  Expected: "The Warden" by Anthony Trollope
  Actual:   "The Warden" by Trollope, Anthony
  Reason:   title_score=100>=85, author lastname matches
BENIGN            gid    766 (romance       )  [score=100, lastname_match=True]
  Expected: "David Copperfield" by Charles Dickens
  Actual:   "David Copperfield" by Dickens, Charles
  Reason:   title_score=100>=85, author lastname matches
BENIGN            gid   1023 (romance       )  [score=100, lastname_match=True]
  Expected: "Bleak House" by Charles Dickens
  Actual:   "Bleak House" by Dickens, Charles
  Reason:   title_score=100>=85, author lastname matches
BENIGN            gid   1342 (romance       )  [score=100, lastname_match=True]
  Expected: "Pride and Prejudice" by Jane Austen
  Actual:   "Pride and Prejudice" by Austen, Jane
  Reason:   title_score=100>=85, author lastname matches
BENIGN            gid   1399 (romance       )  [score=100, lastname_match=True]
  Expected: "Anna Karenina" by Leo Tolstoy
  Actual:   "Anna Karenina" by Tolstoy, Leo, graf
  Reason:   title_score=100>=85, author lastname matches
BENIGN            gid   1400 (romance       )  [score=100, lastname_match=True]
  Expected: "Great Expectations" by Charles Dickens
  Actual:   "Great Expectations" by Dickens, Charles
  Reason:   title_score=100>=85, author lastname matches
BENIGN            gid   2153 (romance       )  [score=100, lastname_match=True]
  Expected: "Mary Barton" by Elizabeth Gaskell
  Actual:   "Mary Barton" by Gaskell, Elizabeth Cleghorn
  Reason:   title_score=100>=85, author lastname matches
BENIGN            gid   2860 (romance       )  [score=100, lastname_match=True]
  Expected: "Framley Parsonage" by Anthony Trollope
  Actual:   "Framley Parsonage" by Trollope, Anthony
  Reason:   title_score=100>=85, author lastname matches
BENIGN            gid   3166 (romance       )  [score=100, lastname_match=True]
  Expected: "Doctor Thorne" by Anthony Trollope
  Actual:   "Doctor Thorne" by Trollope, Anthony
  Reason:   title_score=100>=85, author lastname matches
BENIGN            gid   4274 (romance       )  [score=100, lastname_match=True]
  Expected: "Wives and Daughters" by Elizabeth Gaskell
  Actual:   "Wives and Daughters" by Gaskell, Elizabeth Cleghorn
  Reason:   title_score=100>=85, author lastname matches
BENIGN            gid   4276 (romance       )  [score=100, lastname_match=True]
  Expected: "North and South" by Elizabeth Gaskell
  Actual:   "North and South" by Gaskell, Elizabeth Cleghorn
  Reason:   title_score=100>=85, author lastname matches
BENIGN            gid   7469 (romance       )  [score=100, lastname_match=True]
  Expected: "Daniel Deronda" by George Eliot
  Actual:   "Daniel Deronda" by Eliot, George
  Reason:   title_score=100>=85, author lastname matches
BENIGN            gid  17780 (romance       )  [score=100, lastname_match=True]
  Expected: "Scenes of Clerical Life" by George Eliot
  Actual:   "Scenes of Clerical Life" by Eliot, George
  Reason:   title_score=100>=85, author lastname matches
BENIGN            gid     35 (speculative   )  [score=100, lastname_match=True]
  Expected: "The Time Machine" by H. G. Wells
  Actual:   "The Time Machine" by Wells, H. G. (Herbert George)
  Reason:   title_score=100>=85, author lastname matches
BENIGN            gid     36 (speculative   )  [score=90, lastname_match=True]
  Expected: "The War of the Worlds" by H. G. Wells
  Actual:   "The war of the worlds" by Wells, H. G. (Herbert George)
  Reason:   title_score=90>=85, author lastname matches
BENIGN            gid     62 (speculative   )  [score=94, lastname_match=True]
  Expected: "A Princess of Mars" by Edgar Rice Burroughs
  Actual:   "A princess of Mars" by Burroughs, Edgar Rice
  Reason:   title_score=94>=85, author lastname matches
BENIGN            gid     83 (speculative   )  [score=87, lastname_match=True]
  Expected: "From the Earth to the Moon" by Jules Verne
  Actual:   "From the Earth to the moon; and, round the moon" by Verne, Jules
  Reason:   title_score=87>=85, author lastname matches
BENIGN            gid    103 (speculative   )  [score=100, lastname_match=True]
  Expected: "Around the World in Eighty Days" by Jules Verne
  Actual:   "Around the World in Eighty Days" by Verne, Jules
  Reason:   title_score=100>=85, author lastname matches
BENIGN            gid    139 (speculative   )  [score=100, lastname_match=True]
  Expected: "The Lost World" by Arthur Conan Doyle
  Actual:   "The Lost World" by Doyle, Arthur Conan
  Reason:   title_score=100>=85, author lastname matches
BENIGN            gid    159 (speculative   )  [score=96, lastname_match=True]
  Expected: "The Island of Doctor Moreau" by H. G. Wells
  Actual:   "The island of Doctor Moreau" by Wells, H. G. (Herbert George)
  Reason:   title_score=96>=85, author lastname matches
BENIGN            gid    164 (speculative   )  [score=97, lastname_match=True]
  Expected: "Twenty Thousand Leagues Under the Sea" by Jules Verne
  Actual:   "Twenty Thousand Leagues under the Sea" by Verne, Jules
  Reason:   title_score=97>=85, author lastname matches
BENIGN            gid    169 (speculative   )  [score=92, lastname_match=True]
  Expected: "The Well at the World's End" by William Morris
  Actual:   "The Well at the World's End: A Tale" by Morris, William
  Reason:   title_score=92>=85, author lastname matches
BENIGN            gid    709 (speculative   )  [score=100, lastname_match=True]
  Expected: "The Princess and Curdie" by George MacDonald
  Actual:   "The Princess and Curdie" by MacDonald, George
  Reason:   title_score=100>=85, author lastname matches
BENIGN            gid    711 (speculative   )  [score=100, lastname_match=True]
  Expected: "Allan Quatermain" by H. Rider Haggard
  Actual:   "Allan Quatermain" by Haggard, H. Rider (Henry Rider)
  Reason:   title_score=100>=85, author lastname matches
BENIGN            gid    775 (speculative   )  [score=100, lastname_match=True]
  Expected: "When the Sleeper Wakes" by H. G. Wells
  Actual:   "When the Sleeper Wakes" by Wells, H. G. (Herbert George)
  Reason:   title_score=100>=85, author lastname matches
BENIGN            gid   1013 (speculative   )  [score=100, lastname_match=True]
  Expected: "The First Men in the Moon" by H. G. Wells
  Actual:   "The First Men in the Moon" by Wells, H. G. (Herbert George)
  Reason:   title_score=100>=85, author lastname matches
BENIGN            gid   1268 (speculative   )  [score=100, lastname_match=True]
  Expected: "The Mysterious Island" by Jules Verne
  Actual:   "The Mysterious Island" by Verne, Jules
  Reason:   title_score=100>=85, author lastname matches
BENIGN            gid   2166 (speculative   )  [score=100, lastname_match=True]
  Expected: "King Solomon's Mines" by H. Rider Haggard
  Actual:   "King Solomon's Mines" by Haggard, H. Rider (Henry Rider)
  Reason:   title_score=100>=85, author lastname matches
BENIGN            gid   2565 (speculative   )  [score=90, lastname_match=True]
  Expected: "The Story of the Glittering Plain" by William Morris
  Actual:   "The Story of the Glittering Plain: Which Has Been Also Called the Land of Living Men or the Acre of the Undying" by Morris, William
  Reason:   title_score=90>=85, author lastname matches
BENIGN            gid   2885 (speculative   )  [score=100, lastname_match=True]
  Expected: "The House of the Wolfings" by William Morris
  Actual:   "The House of the Wolfings: A Tale of the House of the Wolfings and All the Kindreds of the Mark Written in Prose and in Verse" by Morris, William
  Reason:   title_score=100>=85, author lastname matches
BENIGN            gid   3055 (speculative   )  [score=100, lastname_match=True]
  Expected: "The Wood Beyond the World" by William Morris
  Actual:   "The Wood Beyond the World" by Morris, William
  Reason:   title_score=100>=85, author lastname matches
BENIGN            gid   3155 (speculative   )  [score=100, lastname_match=True]
  Expected: "She" by H. Rider Haggard
  Actual:   "She" by Haggard, H. Rider (Henry Rider)
  Reason:   title_score=100>=85, author lastname matches
BENIGN            gid   3809 (speculative   )  [score=100, lastname_match=True]
  Expected: "Master of the World" by Jules Verne
  Actual:   "The Master of the World" by Verne, Jules
  Reason:   title_score=100>=85, author lastname matches
BENIGN            gid   5230 (speculative   )  [score=86, lastname_match=True]
  Expected: "The Invisible Man" by H. G. Wells
  Actual:   "The Invisible Man: A Grotesque Romance" by Wells, H. G. (Herbert George)
  Reason:   title_score=86>=85, author lastname matches
BENIGN            gid   7477 (speculative   )  [score=100, lastname_match=True]
  Expected: "The Book of Wonder" by Lord Dunsany
  Actual:   "The Book of Wonder" by Dunsany, Lord
  Reason:   title_score=100>=85, author lastname matches
BENIGN            gid   8395 (speculative   )  [score=100, lastname_match=True]
  Expected: "The Gods of Pegana" by Lord Dunsany
  Actual:   "The Gods of Pegana" by Dunsany, Lord
  Reason:   title_score=100>=85, author lastname matches
BENIGN            gid  10148 (speculative   )  [score=100, lastname_match=True]
  Expected: "The Merry Adventures of Robin Hood" by Howard Pyle
  Actual:   "The Merry Adventures of Robin Hood" by Pyle, Howard
  Reason:   title_score=100>=85, author lastname matches
BENIGN            gid  18857 (speculative   )  [score=100, lastname_match=True]
  Expected: "A Journey to the Centre of the Earth" by Jules Verne
  Actual:   "A Journey to the Centre of the Earth" by Verne, Jules
  Reason:   title_score=100>=85, author lastname matches
BENIGN            gid    502 (western       )  [score=100, lastname_match=True]
  Expected: "Desert Gold" by Zane Grey
  Actual:   "Desert Gold" by Grey, Zane
  Reason:   title_score=100>=85, author lastname matches
BENIGN            gid    938 (western       )  [score=100, lastname_match=True]
  Expected: "Good Indian" by B. M. Bower
  Actual:   "Good Indian" by Bower, B. M.
  Reason:   title_score=100>=85, author lastname matches
BENIGN            gid   1095 (western       )  [score=100, lastname_match=True]
  Expected: "The Light of Western Stars" by Zane Grey
  Actual:   "The Light of the Western Stars" by Grey, Zane
  Reason:   title_score=100>=85, author lastname matches
BENIGN            gid   1262 (western       )  [score=85, lastname_match=True]
  Expected: "The Heritage of the Desert" by Zane Grey
  Actual:   "The Heritage of the Desert: A Novel" by Grey, Zane
  Reason:   title_score=85>=85, author lastname matches
BENIGN            gid   1300 (western       )  [score=100, lastname_match=True]
  Expected: "Riders of the Purple Sage" by Zane Grey
  Actual:   "Riders of the Purple Sage" by Grey, Zane
  Reason:   title_score=100>=85, author lastname matches
BENIGN            gid   1385 (western       )  [score=100, lastname_match=True]
  Expected: "Lin McLean" by Owen Wister
  Actual:   "Lin McLean" by Wister, Owen
  Reason:   title_score=100>=85, author lastname matches
BENIGN            gid   1882 (western       )  [score=100, lastname_match=True]
  Expected: "The Young Forester" by Zane Grey
  Actual:   "The Young Forester" by Grey, Zane
  Reason:   title_score=100>=85, author lastname matches
BENIGN            gid   2057 (western       )  [score=100, lastname_match=True]
  Expected: "The Last of the Plainsmen" by Zane Grey
  Actual:   "The Last of the Plainsmen" by Grey, Zane
  Reason:   title_score=100>=85, author lastname matches
BENIGN            gid   2066 (western       )  [score=100, lastname_match=True]
  Expected: "Wildfire" by Zane Grey
  Actual:   "Wildfire" by Grey, Zane
  Reason:   title_score=100>=85, author lastname matches
BENIGN            gid   4552 (western       )  [score=100, lastname_match=True]
  Expected: "The Border Legion" by Zane Grey
  Actual:   "The Border Legion" by Grey, Zane
  Reason:   title_score=100>=85, author lastname matches
BENIGN            gid   4922 (western       )  [score=100, lastname_match=True]
  Expected: "Bar-20 Days" by Clarence E. Mulford
  Actual:   "Bar-20 Days" by Mulford, Clarence Edward
  Reason:   title_score=100>=85, author lastname matches
BENIGN            gid   5067 (western       )  [score=100, lastname_match=True]
  Expected: "The Rainbow Trail" by Zane Grey
  Actual:   "The Rainbow Trail" by Grey, Zane
  Reason:   title_score=100>=85, author lastname matches
BENIGN            gid  13937 (western       )  [score=100, lastname_match=True]
  Expected: "The Mysterious Rider" by Zane Grey
  Actual:   "The Mysterious Rider" by Grey, Zane
  Reason:   title_score=100>=85, author lastname matches
BENIGN            gid  29572 (western       )  [score=100, lastname_match=True]
  Expected: "Whispering Smith" by Frank H. Spearman
  Actual:   "Whispering Smith" by Spearman, Frank H. (Frank Hamilton)
  Reason:   title_score=100>=85, author lastname matches
BENIGN            gid  29642 (western       )  [score=100, lastname_match=True]
  Expected: "Hidden Water" by Dane Coolidge
  Actual:   "Hidden Water" by Coolidge, Dane
  Reason:   title_score=100>=85, author lastname matches
BENIGN            gid  56626 (western       )  [score=100, lastname_match=True]
  Expected: "Hopalong Cassidy" by Clarence E. Mulford
  Actual:   "Johnny Nelson: How a one-time pupil of Hopalong Cassidy of the famous Bar-20 ranch in the Pecos Valley performed an act of knight-errantry and what came of it" by Mulford, Clarence Edward
  Reason:   title_score=100>=85, author lastname matches
